[23-Aug-2017 21:26:05 UTC] PHP Notice:  Undefined index: id_mod in /home/taat138/domains/uin.in.ua/public_html/test/virab/fbx/admin/modules/qry_Main.php on line 8
[23-Aug-2017 21:26:05 UTC] PHP Notice:  Undefined index: count_pg in /home/taat138/domains/uin.in.ua/public_html/test/virab/fbx/admin/modules/qry_Main.php on line 9
[23-Aug-2017 21:26:05 UTC] PHP Notice:  Undefined index: pg in /home/taat138/domains/uin.in.ua/public_html/test/virab/fbx/admin/modules/qry_Main.php on line 10
[23-Aug-2017 21:26:05 UTC] PHP Notice:  Undefined index: str_error in /home/taat138/domains/uin.in.ua/public_html/test/virab/fbx/admin/modules/dsp_Main.php on line 115
[23-Aug-2017 21:26:05 UTC] PHP Notice:  Undefined index: hide_pager in /home/taat138/domains/uin.in.ua/public_html/test/library/libcruiser4/table/TableViewer.php on line 512
[23-Aug-2017 21:26:05 UTC] PHP Notice:  Undefined index: pager in /home/taat138/domains/uin.in.ua/public_html/test/library/libcruiser4/table/TableViewer.php on line 514
[23-Aug-2017 21:26:05 UTC] PHP Notice:  Undefined index: hide_pager in /home/taat138/domains/uin.in.ua/public_html/test/library/libcruiser4/table/TableViewer.php on line 512
[23-Aug-2017 21:26:05 UTC] PHP Notice:  Undefined index: pager in /home/taat138/domains/uin.in.ua/public_html/test/library/libcruiser4/table/TableViewer.php on line 514
[30-Aug-2017 08:36:13 UTC] PHP Notice:  Undefined index: id_mod in /home/taat138/domains/uin.in.ua/public_html/test/virab/fbx/admin/modules/qry_Main.php on line 8
[30-Aug-2017 08:36:13 UTC] PHP Notice:  Undefined index: count_pg in /home/taat138/domains/uin.in.ua/public_html/test/virab/fbx/admin/modules/qry_Main.php on line 9
[30-Aug-2017 08:36:13 UTC] PHP Notice:  Undefined index: pg in /home/taat138/domains/uin.in.ua/public_html/test/virab/fbx/admin/modules/qry_Main.php on line 10
[30-Aug-2017 08:36:13 UTC] PHP Notice:  Undefined index: str_error in /home/taat138/domains/uin.in.ua/public_html/test/virab/fbx/admin/modules/dsp_Main.php on line 115
[30-Aug-2017 08:36:13 UTC] PHP Notice:  Undefined index: hide_pager in /home/taat138/domains/uin.in.ua/public_html/test/library/libcruiser4/table/TableViewer.php on line 512
[30-Aug-2017 08:36:13 UTC] PHP Notice:  Undefined index: pager in /home/taat138/domains/uin.in.ua/public_html/test/library/libcruiser4/table/TableViewer.php on line 514
[30-Aug-2017 08:36:13 UTC] PHP Notice:  Undefined index: hide_pager in /home/taat138/domains/uin.in.ua/public_html/test/library/libcruiser4/table/TableViewer.php on line 512
[30-Aug-2017 08:36:13 UTC] PHP Notice:  Undefined index: pager in /home/taat138/domains/uin.in.ua/public_html/test/library/libcruiser4/table/TableViewer.php on line 514
[30-Aug-2017 08:36:58 UTC] PHP Notice:  Undefined index: id_mod in /home/taat138/domains/uin.in.ua/public_html/test/virab/fbx/admin/modules/qry_Main.php on line 8
[30-Aug-2017 08:36:58 UTC] PHP Notice:  Undefined index: str_error in /home/taat138/domains/uin.in.ua/public_html/test/virab/fbx/admin/modules/dsp_Main.php on line 115
[30-Aug-2017 08:36:58 UTC] PHP Notice:  Undefined index: hide_pager in /home/taat138/domains/uin.in.ua/public_html/test/library/libcruiser4/table/TableViewer.php on line 512
[30-Aug-2017 08:36:58 UTC] PHP Notice:  Undefined index: pager in /home/taat138/domains/uin.in.ua/public_html/test/library/libcruiser4/table/TableViewer.php on line 514
[30-Aug-2017 08:36:58 UTC] PHP Notice:  Undefined index: hide_pager in /home/taat138/domains/uin.in.ua/public_html/test/library/libcruiser4/table/TableViewer.php on line 512
[30-Aug-2017 08:36:58 UTC] PHP Notice:  Undefined index: pager in /home/taat138/domains/uin.in.ua/public_html/test/library/libcruiser4/table/TableViewer.php on line 514
[30-Aug-2017 14:23:20 UTC] PHP Notice:  Undefined index: id_mod in /home/taat138/domains/uin.in.ua/public_html/test/virab/fbx/admin/modules/qry_Main.php on line 8
[30-Aug-2017 14:23:20 UTC] PHP Notice:  Undefined index: count_pg in /home/taat138/domains/uin.in.ua/public_html/test/virab/fbx/admin/modules/qry_Main.php on line 9
[30-Aug-2017 14:23:20 UTC] PHP Notice:  Undefined index: pg in /home/taat138/domains/uin.in.ua/public_html/test/virab/fbx/admin/modules/qry_Main.php on line 10
[30-Aug-2017 14:23:20 UTC] PHP Notice:  Undefined index: str_error in /home/taat138/domains/uin.in.ua/public_html/test/virab/fbx/admin/modules/dsp_Main.php on line 115
[30-Aug-2017 14:23:20 UTC] PHP Notice:  Undefined index: hide_pager in /home/taat138/domains/uin.in.ua/public_html/test/library/libcruiser4/table/TableViewer.php on line 512
[30-Aug-2017 14:23:20 UTC] PHP Notice:  Undefined index: pager in /home/taat138/domains/uin.in.ua/public_html/test/library/libcruiser4/table/TableViewer.php on line 514
[30-Aug-2017 14:23:20 UTC] PHP Notice:  Undefined index: hide_pager in /home/taat138/domains/uin.in.ua/public_html/test/library/libcruiser4/table/TableViewer.php on line 512
[30-Aug-2017 14:23:20 UTC] PHP Notice:  Undefined index: pager in /home/taat138/domains/uin.in.ua/public_html/test/library/libcruiser4/table/TableViewer.php on line 514
[31-Aug-2017 11:59:02 Europe/Moscow] PHP Notice:  Undefined index: id_mod in /home/ammas122/domains/sportmm.ru/public_html/virab/fbx/admin/modules/qry_Main.php on line 8
[31-Aug-2017 11:59:02 Europe/Moscow] PHP Notice:  Undefined index: count_pg in /home/ammas122/domains/sportmm.ru/public_html/virab/fbx/admin/modules/qry_Main.php on line 9
[31-Aug-2017 11:59:02 Europe/Moscow] PHP Notice:  Undefined index: pg in /home/ammas122/domains/sportmm.ru/public_html/virab/fbx/admin/modules/qry_Main.php on line 10
[31-Aug-2017 11:59:02 Europe/Moscow] PHP Notice:  Undefined index: str_error in /home/ammas122/domains/sportmm.ru/public_html/virab/fbx/admin/modules/dsp_Main.php on line 115
[31-Aug-2017 11:59:02 Europe/Moscow] PHP Notice:  Undefined index: hide_pager in /home/ammas122/domains/sportmm.ru/public_html/library/libcruiser4/table/TableViewer.php on line 512
[31-Aug-2017 11:59:02 Europe/Moscow] PHP Notice:  Undefined index: pager in /home/ammas122/domains/sportmm.ru/public_html/library/libcruiser4/table/TableViewer.php on line 514
[31-Aug-2017 11:59:02 Europe/Moscow] PHP Notice:  Undefined index: hide_pager in /home/ammas122/domains/sportmm.ru/public_html/library/libcruiser4/table/TableViewer.php on line 512
[31-Aug-2017 11:59:02 Europe/Moscow] PHP Notice:  Undefined index: pager in /home/ammas122/domains/sportmm.ru/public_html/library/libcruiser4/table/TableViewer.php on line 514
[31-Aug-2017 12:55:49 Europe/Moscow] PHP Notice:  Undefined index: id_mod in /home/ammas122/domains/sportmm.ru/public_html/virab/fbx/admin/modules/qry_Main.php on line 8
[31-Aug-2017 12:55:49 Europe/Moscow] PHP Notice:  Undefined index: count_pg in /home/ammas122/domains/sportmm.ru/public_html/virab/fbx/admin/modules/qry_Main.php on line 9
[31-Aug-2017 12:55:49 Europe/Moscow] PHP Notice:  Undefined index: pg in /home/ammas122/domains/sportmm.ru/public_html/virab/fbx/admin/modules/qry_Main.php on line 10
[31-Aug-2017 12:55:49 Europe/Moscow] PHP Notice:  Undefined index: str_error in /home/ammas122/domains/sportmm.ru/public_html/virab/fbx/admin/modules/dsp_Main.php on line 115
[31-Aug-2017 12:55:49 Europe/Moscow] PHP Notice:  Undefined index: hide_pager in /home/ammas122/domains/sportmm.ru/public_html/library/libcruiser4/table/TableViewer.php on line 512
[31-Aug-2017 12:55:49 Europe/Moscow] PHP Notice:  Undefined index: pager in /home/ammas122/domains/sportmm.ru/public_html/library/libcruiser4/table/TableViewer.php on line 514
[31-Aug-2017 12:55:49 Europe/Moscow] PHP Notice:  Undefined index: hide_pager in /home/ammas122/domains/sportmm.ru/public_html/library/libcruiser4/table/TableViewer.php on line 512
[31-Aug-2017 12:55:49 Europe/Moscow] PHP Notice:  Undefined index: pager in /home/ammas122/domains/sportmm.ru/public_html/library/libcruiser4/table/TableViewer.php on line 514
[31-Aug-2017 12:55:53 Europe/Moscow] PHP Notice:  Undefined variable: FORM_ERROR in /home/ammas122/domains/sportmm.ru/public_html/virab/fbx/admin/modules/dsp_Form.php on line 9
[31-Aug-2017 12:55:53 Europe/Moscow] PHP Notice:  Undefined index: size in /home/ammas122/domains/sportmm.ru/public_html/library/libcruiser4/InsulatorOldCode.php on line 25
[31-Aug-2017 12:55:53 Europe/Moscow] PHP Notice:  Undefined index: size in /home/ammas122/domains/sportmm.ru/public_html/library/libcruiser4/InsulatorOldCode.php on line 25
[31-Aug-2017 12:55:53 Europe/Moscow] PHP Notice:  Undefined offset: 3 in /home/ammas122/domains/sportmm.ru/public_html/library/libcruiser4/InsulatorOldCode.php on line 26
[31-Aug-2017 12:55:53 Europe/Moscow] PHP Notice:  Undefined offset: 3 in /home/ammas122/domains/sportmm.ru/public_html/library/libcruiser4/InsulatorOldCode.php on line 56
[31-Aug-2017 12:56:08 Europe/Moscow] PHP Notice:  Undefined index: id_mod in /home/ammas122/domains/sportmm.ru/public_html/virab/fbx/admin/modules/qry_Main.php on line 8
[31-Aug-2017 12:56:08 Europe/Moscow] PHP Notice:  Undefined index: count_pg in /home/ammas122/domains/sportmm.ru/public_html/virab/fbx/admin/modules/qry_Main.php on line 9
[31-Aug-2017 12:56:08 Europe/Moscow] PHP Notice:  Undefined index: pg in /home/ammas122/domains/sportmm.ru/public_html/virab/fbx/admin/modules/qry_Main.php on line 10
[31-Aug-2017 12:56:08 Europe/Moscow] PHP Notice:  Undefined index: str_error in /home/ammas122/domains/sportmm.ru/public_html/virab/fbx/admin/modules/dsp_Main.php on line 115
[31-Aug-2017 12:56:08 Europe/Moscow] PHP Notice:  Undefined index: hide_pager in /home/ammas122/domains/sportmm.ru/public_html/library/libcruiser4/table/TableViewer.php on line 512
[31-Aug-2017 12:56:08 Europe/Moscow] PHP Notice:  Undefined index: pager in /home/ammas122/domains/sportmm.ru/public_html/library/libcruiser4/table/TableViewer.php on line 514
[31-Aug-2017 12:56:08 Europe/Moscow] PHP Notice:  Undefined index: hide_pager in /home/ammas122/domains/sportmm.ru/public_html/library/libcruiser4/table/TableViewer.php on line 512
[31-Aug-2017 12:56:08 Europe/Moscow] PHP Notice:  Undefined index: pager in /home/ammas122/domains/sportmm.ru/public_html/library/libcruiser4/table/TableViewer.php on line 514
[31-Aug-2017 14:16:10 Europe/Moscow] PHP Notice:  Undefined index: id_mod in /home/ammas122/domains/sportmm.ru/public_html/virab/fbx/admin/modules/qry_Main.php on line 8
[31-Aug-2017 14:16:10 Europe/Moscow] PHP Notice:  Undefined index: count_pg in /home/ammas122/domains/sportmm.ru/public_html/virab/fbx/admin/modules/qry_Main.php on line 9
[31-Aug-2017 14:16:10 Europe/Moscow] PHP Notice:  Undefined index: pg in /home/ammas122/domains/sportmm.ru/public_html/virab/fbx/admin/modules/qry_Main.php on line 10
[31-Aug-2017 14:16:10 Europe/Moscow] PHP Notice:  Undefined index: str_error in /home/ammas122/domains/sportmm.ru/public_html/virab/fbx/admin/modules/dsp_Main.php on line 115
[31-Aug-2017 14:16:10 Europe/Moscow] PHP Notice:  Undefined index: hide_pager in /home/ammas122/domains/sportmm.ru/public_html/library/libcruiser4/table/TableViewer.php on line 512
[31-Aug-2017 14:16:10 Europe/Moscow] PHP Notice:  Undefined index: pager in /home/ammas122/domains/sportmm.ru/public_html/library/libcruiser4/table/TableViewer.php on line 514
[31-Aug-2017 14:16:10 Europe/Moscow] PHP Notice:  Undefined index: hide_pager in /home/ammas122/domains/sportmm.ru/public_html/library/libcruiser4/table/TableViewer.php on line 512
[31-Aug-2017 14:16:10 Europe/Moscow] PHP Notice:  Undefined index: pager in /home/ammas122/domains/sportmm.ru/public_html/library/libcruiser4/table/TableViewer.php on line 514
[31-Aug-2017 14:16:18 Europe/Moscow] PHP Notice:  Undefined variable: FORM_ERROR in /home/ammas122/domains/sportmm.ru/public_html/virab/fbx/admin/modules/dsp_Form.php on line 9
[31-Aug-2017 14:16:18 Europe/Moscow] PHP Notice:  Undefined index: size in /home/ammas122/domains/sportmm.ru/public_html/library/libcruiser4/InsulatorOldCode.php on line 25
[31-Aug-2017 14:16:18 Europe/Moscow] PHP Notice:  Undefined index: size in /home/ammas122/domains/sportmm.ru/public_html/library/libcruiser4/InsulatorOldCode.php on line 25
[31-Aug-2017 14:16:18 Europe/Moscow] PHP Notice:  Undefined offset: 3 in /home/ammas122/domains/sportmm.ru/public_html/library/libcruiser4/InsulatorOldCode.php on line 26
[31-Aug-2017 14:16:18 Europe/Moscow] PHP Notice:  Undefined offset: 3 in /home/ammas122/domains/sportmm.ru/public_html/library/libcruiser4/InsulatorOldCode.php on line 56
[31-Aug-2017 14:16:23 Europe/Moscow] PHP Notice:  Undefined index: id_mod in /home/ammas122/domains/sportmm.ru/public_html/virab/fbx/admin/modules/qry_Main.php on line 8
[31-Aug-2017 14:16:23 Europe/Moscow] PHP Notice:  Undefined index: count_pg in /home/ammas122/domains/sportmm.ru/public_html/virab/fbx/admin/modules/qry_Main.php on line 9
[31-Aug-2017 14:16:23 Europe/Moscow] PHP Notice:  Undefined index: pg in /home/ammas122/domains/sportmm.ru/public_html/virab/fbx/admin/modules/qry_Main.php on line 10
[31-Aug-2017 14:16:23 Europe/Moscow] PHP Notice:  Undefined index: str_error in /home/ammas122/domains/sportmm.ru/public_html/virab/fbx/admin/modules/dsp_Main.php on line 115
[31-Aug-2017 14:16:23 Europe/Moscow] PHP Notice:  Undefined index: hide_pager in /home/ammas122/domains/sportmm.ru/public_html/library/libcruiser4/table/TableViewer.php on line 512
[31-Aug-2017 14:16:23 Europe/Moscow] PHP Notice:  Undefined index: pager in /home/ammas122/domains/sportmm.ru/public_html/library/libcruiser4/table/TableViewer.php on line 514
[31-Aug-2017 14:16:23 Europe/Moscow] PHP Notice:  Undefined index: hide_pager in /home/ammas122/domains/sportmm.ru/public_html/library/libcruiser4/table/TableViewer.php on line 512
[31-Aug-2017 14:16:23 Europe/Moscow] PHP Notice:  Undefined index: pager in /home/ammas122/domains/sportmm.ru/public_html/library/libcruiser4/table/TableViewer.php on line 514
[04-Sep-2017 18:14:23 Europe/Moscow] PHP Notice:  Undefined index: id_mod in /home/ammas122/domains/sportmm.ru/public_html/virab/fbx/admin/modules/qry_Main.php on line 8
[04-Sep-2017 18:14:23 Europe/Moscow] PHP Notice:  Undefined index: count_pg in /home/ammas122/domains/sportmm.ru/public_html/virab/fbx/admin/modules/qry_Main.php on line 9
[04-Sep-2017 18:14:23 Europe/Moscow] PHP Notice:  Undefined index: pg in /home/ammas122/domains/sportmm.ru/public_html/virab/fbx/admin/modules/qry_Main.php on line 10
[04-Sep-2017 18:14:23 Europe/Moscow] PHP Notice:  Undefined index: str_error in /home/ammas122/domains/sportmm.ru/public_html/virab/fbx/admin/modules/dsp_Main.php on line 115
[04-Sep-2017 18:14:23 Europe/Moscow] PHP Notice:  Undefined index: hide_pager in /home/ammas122/domains/sportmm.ru/public_html/library/libcruiser4/table/TableViewer.php on line 512
[04-Sep-2017 18:14:23 Europe/Moscow] PHP Notice:  Undefined index: pager in /home/ammas122/domains/sportmm.ru/public_html/library/libcruiser4/table/TableViewer.php on line 514
[04-Sep-2017 18:14:23 Europe/Moscow] PHP Notice:  Undefined index: hide_pager in /home/ammas122/domains/sportmm.ru/public_html/library/libcruiser4/table/TableViewer.php on line 512
[04-Sep-2017 18:14:23 Europe/Moscow] PHP Notice:  Undefined index: pager in /home/ammas122/domains/sportmm.ru/public_html/library/libcruiser4/table/TableViewer.php on line 514
[04-Sep-2017 18:14:26 Europe/Moscow] PHP Notice:  Undefined variable: FORM_ERROR in /home/ammas122/domains/sportmm.ru/public_html/virab/fbx/admin/modules/dsp_Form.php on line 9
[04-Sep-2017 18:14:26 Europe/Moscow] PHP Notice:  Undefined index: size in /home/ammas122/domains/sportmm.ru/public_html/library/libcruiser4/InsulatorOldCode.php on line 25
[04-Sep-2017 18:14:26 Europe/Moscow] PHP Notice:  Undefined index: size in /home/ammas122/domains/sportmm.ru/public_html/library/libcruiser4/InsulatorOldCode.php on line 25
[04-Sep-2017 18:14:28 Europe/Moscow] PHP Notice:  Undefined index: id_mod in /home/ammas122/domains/sportmm.ru/public_html/virab/fbx/admin/modules/qry_Main.php on line 8
[04-Sep-2017 18:14:28 Europe/Moscow] PHP Notice:  Undefined index: count_pg in /home/ammas122/domains/sportmm.ru/public_html/virab/fbx/admin/modules/qry_Main.php on line 9
[04-Sep-2017 18:14:28 Europe/Moscow] PHP Notice:  Undefined index: pg in /home/ammas122/domains/sportmm.ru/public_html/virab/fbx/admin/modules/qry_Main.php on line 10
[04-Sep-2017 18:14:28 Europe/Moscow] PHP Notice:  Undefined index: str_error in /home/ammas122/domains/sportmm.ru/public_html/virab/fbx/admin/modules/dsp_Main.php on line 115
[04-Sep-2017 18:14:28 Europe/Moscow] PHP Notice:  Undefined index: hide_pager in /home/ammas122/domains/sportmm.ru/public_html/library/libcruiser4/table/TableViewer.php on line 512
[04-Sep-2017 18:14:28 Europe/Moscow] PHP Notice:  Undefined index: pager in /home/ammas122/domains/sportmm.ru/public_html/library/libcruiser4/table/TableViewer.php on line 514
[04-Sep-2017 18:14:28 Europe/Moscow] PHP Notice:  Undefined index: hide_pager in /home/ammas122/domains/sportmm.ru/public_html/library/libcruiser4/table/TableViewer.php on line 512
[04-Sep-2017 18:14:28 Europe/Moscow] PHP Notice:  Undefined index: pager in /home/ammas122/domains/sportmm.ru/public_html/library/libcruiser4/table/TableViewer.php on line 514
[12-Sep-2017 21:58:47 Europe/Moscow] PHP Notice:  Undefined index: id_mod in /home/ammas122/domains/sportmm.ru/public_html/virab/fbx/admin/modules/qry_Main.php on line 8
[12-Sep-2017 21:58:47 Europe/Moscow] PHP Notice:  Undefined index: count_pg in /home/ammas122/domains/sportmm.ru/public_html/virab/fbx/admin/modules/qry_Main.php on line 9
[12-Sep-2017 21:58:47 Europe/Moscow] PHP Notice:  Undefined index: pg in /home/ammas122/domains/sportmm.ru/public_html/virab/fbx/admin/modules/qry_Main.php on line 10
[12-Sep-2017 21:58:47 Europe/Moscow] PHP Notice:  Undefined index: str_error in /home/ammas122/domains/sportmm.ru/public_html/virab/fbx/admin/modules/dsp_Main.php on line 115
[12-Sep-2017 21:58:47 Europe/Moscow] PHP Notice:  Undefined index: hide_pager in /home/ammas122/domains/sportmm.ru/public_html/library/libcruiser4/table/TableViewer.php on line 512
[12-Sep-2017 21:58:47 Europe/Moscow] PHP Notice:  Undefined index: pager in /home/ammas122/domains/sportmm.ru/public_html/library/libcruiser4/table/TableViewer.php on line 514
[12-Sep-2017 21:58:47 Europe/Moscow] PHP Notice:  Undefined index: hide_pager in /home/ammas122/domains/sportmm.ru/public_html/library/libcruiser4/table/TableViewer.php on line 512
[12-Sep-2017 21:58:47 Europe/Moscow] PHP Notice:  Undefined index: pager in /home/ammas122/domains/sportmm.ru/public_html/library/libcruiser4/table/TableViewer.php on line 514
[12-Sep-2017 21:59:06 Europe/Moscow] PHP Notice:  Undefined index: id_mod in /home/ammas122/domains/sportmm.ru/public_html/virab/fbx/admin/modules/qry_Main.php on line 8
[12-Sep-2017 21:59:06 Europe/Moscow] PHP Notice:  Undefined index: count_pg in /home/ammas122/domains/sportmm.ru/public_html/virab/fbx/admin/modules/qry_Main.php on line 9
[12-Sep-2017 21:59:06 Europe/Moscow] PHP Notice:  Undefined index: pg in /home/ammas122/domains/sportmm.ru/public_html/virab/fbx/admin/modules/qry_Main.php on line 10
[12-Sep-2017 21:59:06 Europe/Moscow] PHP Notice:  Undefined index: str_error in /home/ammas122/domains/sportmm.ru/public_html/virab/fbx/admin/modules/dsp_Main.php on line 115
[12-Sep-2017 21:59:06 Europe/Moscow] PHP Notice:  Undefined index: hide_pager in /home/ammas122/domains/sportmm.ru/public_html/library/libcruiser4/table/TableViewer.php on line 512
[12-Sep-2017 21:59:06 Europe/Moscow] PHP Notice:  Undefined index: pager in /home/ammas122/domains/sportmm.ru/public_html/library/libcruiser4/table/TableViewer.php on line 514
[12-Sep-2017 21:59:06 Europe/Moscow] PHP Notice:  Undefined index: hide_pager in /home/ammas122/domains/sportmm.ru/public_html/library/libcruiser4/table/TableViewer.php on line 512
[12-Sep-2017 21:59:06 Europe/Moscow] PHP Notice:  Undefined index: pager in /home/ammas122/domains/sportmm.ru/public_html/library/libcruiser4/table/TableViewer.php on line 514
[12-Sep-2017 21:59:12 Europe/Moscow] PHP Notice:  Undefined index: id_mod in /home/ammas122/domains/sportmm.ru/public_html/virab/fbx/admin/modules/qry_Main.php on line 8
[12-Sep-2017 21:59:12 Europe/Moscow] PHP Notice:  Undefined index: str_error in /home/ammas122/domains/sportmm.ru/public_html/virab/fbx/admin/modules/dsp_Main.php on line 115
[12-Sep-2017 21:59:12 Europe/Moscow] PHP Notice:  Undefined index: hide_pager in /home/ammas122/domains/sportmm.ru/public_html/library/libcruiser4/table/TableViewer.php on line 512
[12-Sep-2017 21:59:12 Europe/Moscow] PHP Notice:  Undefined index: pager in /home/ammas122/domains/sportmm.ru/public_html/library/libcruiser4/table/TableViewer.php on line 514
[12-Sep-2017 21:59:12 Europe/Moscow] PHP Notice:  Undefined index: hide_pager in /home/ammas122/domains/sportmm.ru/public_html/library/libcruiser4/table/TableViewer.php on line 512
[12-Sep-2017 21:59:12 Europe/Moscow] PHP Notice:  Undefined index: pager in /home/ammas122/domains/sportmm.ru/public_html/library/libcruiser4/table/TableViewer.php on line 514
[12-Sep-2017 21:59:22 Europe/Moscow] PHP Notice:  Undefined variable: FORM_ERROR in /home/ammas122/domains/sportmm.ru/public_html/virab/fbx/admin/modules/dsp_Form.php on line 9
[12-Sep-2017 21:59:22 Europe/Moscow] PHP Notice:  Undefined index: size in /home/ammas122/domains/sportmm.ru/public_html/library/libcruiser4/InsulatorOldCode.php on line 25
[12-Sep-2017 21:59:22 Europe/Moscow] PHP Notice:  Undefined index: size in /home/ammas122/domains/sportmm.ru/public_html/library/libcruiser4/InsulatorOldCode.php on line 25
[12-Sep-2017 21:59:24 Europe/Moscow] PHP Notice:  Undefined index: id_mod in /home/ammas122/domains/sportmm.ru/public_html/virab/fbx/admin/modules/qry_Main.php on line 8
[12-Sep-2017 21:59:24 Europe/Moscow] PHP Notice:  Undefined index: str_error in /home/ammas122/domains/sportmm.ru/public_html/virab/fbx/admin/modules/dsp_Main.php on line 115
[12-Sep-2017 21:59:24 Europe/Moscow] PHP Notice:  Undefined index: hide_pager in /home/ammas122/domains/sportmm.ru/public_html/library/libcruiser4/table/TableViewer.php on line 512
[12-Sep-2017 21:59:24 Europe/Moscow] PHP Notice:  Undefined index: pager in /home/ammas122/domains/sportmm.ru/public_html/library/libcruiser4/table/TableViewer.php on line 514
[12-Sep-2017 21:59:24 Europe/Moscow] PHP Notice:  Undefined index: hide_pager in /home/ammas122/domains/sportmm.ru/public_html/library/libcruiser4/table/TableViewer.php on line 512
[12-Sep-2017 21:59:24 Europe/Moscow] PHP Notice:  Undefined index: pager in /home/ammas122/domains/sportmm.ru/public_html/library/libcruiser4/table/TableViewer.php on line 514
[12-Sep-2017 22:05:15 Europe/Moscow] PHP Notice:  Undefined index: id_mod in /home/ammas122/domains/sportmm.ru/public_html/virab/fbx/admin/modules/qry_Main.php on line 8
[12-Sep-2017 22:05:15 Europe/Moscow] PHP Notice:  Undefined index: count_pg in /home/ammas122/domains/sportmm.ru/public_html/virab/fbx/admin/modules/qry_Main.php on line 9
[12-Sep-2017 22:05:15 Europe/Moscow] PHP Notice:  Undefined index: pg in /home/ammas122/domains/sportmm.ru/public_html/virab/fbx/admin/modules/qry_Main.php on line 10
[12-Sep-2017 22:05:15 Europe/Moscow] PHP Notice:  Undefined index: str_error in /home/ammas122/domains/sportmm.ru/public_html/virab/fbx/admin/modules/dsp_Main.php on line 115
[12-Sep-2017 22:05:15 Europe/Moscow] PHP Notice:  Undefined index: hide_pager in /home/ammas122/domains/sportmm.ru/public_html/library/libcruiser4/table/TableViewer.php on line 512
[12-Sep-2017 22:05:15 Europe/Moscow] PHP Notice:  Undefined index: pager in /home/ammas122/domains/sportmm.ru/public_html/library/libcruiser4/table/TableViewer.php on line 514
[12-Sep-2017 22:05:15 Europe/Moscow] PHP Notice:  Undefined index: hide_pager in /home/ammas122/domains/sportmm.ru/public_html/library/libcruiser4/table/TableViewer.php on line 512
[12-Sep-2017 22:05:15 Europe/Moscow] PHP Notice:  Undefined index: pager in /home/ammas122/domains/sportmm.ru/public_html/library/libcruiser4/table/TableViewer.php on line 514
[12-Sep-2017 22:05:20 Europe/Moscow] PHP Notice:  Undefined variable: FORM_ERROR in /home/ammas122/domains/sportmm.ru/public_html/virab/fbx/admin/modules/dsp_Form.php on line 9
[12-Sep-2017 22:05:20 Europe/Moscow] PHP Notice:  Undefined index: size in /home/ammas122/domains/sportmm.ru/public_html/library/libcruiser4/InsulatorOldCode.php on line 25
[12-Sep-2017 22:05:20 Europe/Moscow] PHP Notice:  Undefined index: size in /home/ammas122/domains/sportmm.ru/public_html/library/libcruiser4/InsulatorOldCode.php on line 25
[12-Sep-2017 22:05:22 Europe/Moscow] PHP Notice:  Undefined index: id_mod in /home/ammas122/domains/sportmm.ru/public_html/virab/fbx/admin/modules/qry_Main.php on line 8
[12-Sep-2017 22:05:22 Europe/Moscow] PHP Notice:  Undefined index: count_pg in /home/ammas122/domains/sportmm.ru/public_html/virab/fbx/admin/modules/qry_Main.php on line 9
[12-Sep-2017 22:05:22 Europe/Moscow] PHP Notice:  Undefined index: pg in /home/ammas122/domains/sportmm.ru/public_html/virab/fbx/admin/modules/qry_Main.php on line 10
[12-Sep-2017 22:05:22 Europe/Moscow] PHP Notice:  Undefined index: str_error in /home/ammas122/domains/sportmm.ru/public_html/virab/fbx/admin/modules/dsp_Main.php on line 115
[12-Sep-2017 22:05:22 Europe/Moscow] PHP Notice:  Undefined index: hide_pager in /home/ammas122/domains/sportmm.ru/public_html/library/libcruiser4/table/TableViewer.php on line 512
[12-Sep-2017 22:05:22 Europe/Moscow] PHP Notice:  Undefined index: pager in /home/ammas122/domains/sportmm.ru/public_html/library/libcruiser4/table/TableViewer.php on line 514
[12-Sep-2017 22:05:22 Europe/Moscow] PHP Notice:  Undefined index: hide_pager in /home/ammas122/domains/sportmm.ru/public_html/library/libcruiser4/table/TableViewer.php on line 512
[12-Sep-2017 22:05:22 Europe/Moscow] PHP Notice:  Undefined index: pager in /home/ammas122/domains/sportmm.ru/public_html/library/libcruiser4/table/TableViewer.php on line 514
[12-Sep-2017 22:05:27 Europe/Moscow] PHP Notice:  Undefined index: id_mod in /home/ammas122/domains/sportmm.ru/public_html/virab/fbx/admin/modules/qry_Main.php on line 8
[12-Sep-2017 22:05:27 Europe/Moscow] PHP Notice:  Undefined index: count_pg in /home/ammas122/domains/sportmm.ru/public_html/virab/fbx/admin/modules/qry_Main.php on line 9
[12-Sep-2017 22:05:27 Europe/Moscow] PHP Notice:  Undefined index: pg in /home/ammas122/domains/sportmm.ru/public_html/virab/fbx/admin/modules/qry_Main.php on line 10
[12-Sep-2017 22:05:27 Europe/Moscow] PHP Notice:  Undefined index: str_error in /home/ammas122/domains/sportmm.ru/public_html/virab/fbx/admin/modules/dsp_Main.php on line 115
[12-Sep-2017 22:05:27 Europe/Moscow] PHP Notice:  Undefined index: hide_pager in /home/ammas122/domains/sportmm.ru/public_html/library/libcruiser4/table/TableViewer.php on line 512
[12-Sep-2017 22:05:27 Europe/Moscow] PHP Notice:  Undefined index: pager in /home/ammas122/domains/sportmm.ru/public_html/library/libcruiser4/table/TableViewer.php on line 514
[12-Sep-2017 22:05:27 Europe/Moscow] PHP Notice:  Undefined index: hide_pager in /home/ammas122/domains/sportmm.ru/public_html/library/libcruiser4/table/TableViewer.php on line 512
[12-Sep-2017 22:05:27 Europe/Moscow] PHP Notice:  Undefined index: pager in /home/ammas122/domains/sportmm.ru/public_html/library/libcruiser4/table/TableViewer.php on line 514
[12-Sep-2017 22:33:50 Europe/Moscow] PHP Notice:  Undefined index: id_mod in /home/ammas122/domains/sportmm.ru/public_html/virab/fbx/admin/modules/qry_Main.php on line 8
[12-Sep-2017 22:33:50 Europe/Moscow] PHP Notice:  Undefined index: count_pg in /home/ammas122/domains/sportmm.ru/public_html/virab/fbx/admin/modules/qry_Main.php on line 9
[12-Sep-2017 22:33:50 Europe/Moscow] PHP Notice:  Undefined index: pg in /home/ammas122/domains/sportmm.ru/public_html/virab/fbx/admin/modules/qry_Main.php on line 10
[12-Sep-2017 22:33:50 Europe/Moscow] PHP Notice:  Undefined index: str_error in /home/ammas122/domains/sportmm.ru/public_html/virab/fbx/admin/modules/dsp_Main.php on line 115
[12-Sep-2017 22:33:50 Europe/Moscow] PHP Notice:  Undefined index: hide_pager in /home/ammas122/domains/sportmm.ru/public_html/library/libcruiser4/table/TableViewer.php on line 512
[12-Sep-2017 22:33:50 Europe/Moscow] PHP Notice:  Undefined index: pager in /home/ammas122/domains/sportmm.ru/public_html/library/libcruiser4/table/TableViewer.php on line 514
[12-Sep-2017 22:33:50 Europe/Moscow] PHP Notice:  Undefined index: hide_pager in /home/ammas122/domains/sportmm.ru/public_html/library/libcruiser4/table/TableViewer.php on line 512
[12-Sep-2017 22:33:50 Europe/Moscow] PHP Notice:  Undefined index: pager in /home/ammas122/domains/sportmm.ru/public_html/library/libcruiser4/table/TableViewer.php on line 514
[12-Sep-2017 22:33:54 Europe/Moscow] PHP Notice:  Undefined index: id_mod in /home/ammas122/domains/sportmm.ru/public_html/virab/fbx/admin/modules/qry_Main.php on line 8
[12-Sep-2017 22:33:54 Europe/Moscow] PHP Notice:  Undefined index: str_error in /home/ammas122/domains/sportmm.ru/public_html/virab/fbx/admin/modules/dsp_Main.php on line 115
[12-Sep-2017 22:33:54 Europe/Moscow] PHP Notice:  Undefined index: hide_pager in /home/ammas122/domains/sportmm.ru/public_html/library/libcruiser4/table/TableViewer.php on line 512
[12-Sep-2017 22:33:54 Europe/Moscow] PHP Notice:  Undefined index: pager in /home/ammas122/domains/sportmm.ru/public_html/library/libcruiser4/table/TableViewer.php on line 514
[12-Sep-2017 22:33:54 Europe/Moscow] PHP Notice:  Undefined index: hide_pager in /home/ammas122/domains/sportmm.ru/public_html/library/libcruiser4/table/TableViewer.php on line 512
[12-Sep-2017 22:33:54 Europe/Moscow] PHP Notice:  Undefined index: pager in /home/ammas122/domains/sportmm.ru/public_html/library/libcruiser4/table/TableViewer.php on line 514
[12-Sep-2017 22:34:15 Europe/Moscow] PHP Notice:  Undefined variable: FORM_ERROR in /home/ammas122/domains/sportmm.ru/public_html/virab/fbx/admin/modules/dsp_Form.php on line 9
[12-Sep-2017 22:34:15 Europe/Moscow] PHP Notice:  Undefined index: size in /home/ammas122/domains/sportmm.ru/public_html/library/libcruiser4/InsulatorOldCode.php on line 25
[12-Sep-2017 22:34:15 Europe/Moscow] PHP Notice:  Undefined index: size in /home/ammas122/domains/sportmm.ru/public_html/library/libcruiser4/InsulatorOldCode.php on line 25
[12-Sep-2017 22:34:17 Europe/Moscow] PHP Notice:  Undefined index: id_mod in /home/ammas122/domains/sportmm.ru/public_html/virab/fbx/admin/modules/qry_Main.php on line 8
[12-Sep-2017 22:34:17 Europe/Moscow] PHP Notice:  Undefined index: str_error in /home/ammas122/domains/sportmm.ru/public_html/virab/fbx/admin/modules/dsp_Main.php on line 115
[12-Sep-2017 22:34:17 Europe/Moscow] PHP Notice:  Undefined index: hide_pager in /home/ammas122/domains/sportmm.ru/public_html/library/libcruiser4/table/TableViewer.php on line 512
[12-Sep-2017 22:34:17 Europe/Moscow] PHP Notice:  Undefined index: pager in /home/ammas122/domains/sportmm.ru/public_html/library/libcruiser4/table/TableViewer.php on line 514
[12-Sep-2017 22:34:17 Europe/Moscow] PHP Notice:  Undefined index: hide_pager in /home/ammas122/domains/sportmm.ru/public_html/library/libcruiser4/table/TableViewer.php on line 512
[12-Sep-2017 22:34:17 Europe/Moscow] PHP Notice:  Undefined index: pager in /home/ammas122/domains/sportmm.ru/public_html/library/libcruiser4/table/TableViewer.php on line 514
[12-Sep-2017 22:34:20 Europe/Moscow] PHP Notice:  Undefined variable: FORM_ERROR in /home/ammas122/domains/sportmm.ru/public_html/virab/fbx/admin/modules/dsp_Form.php on line 9
[12-Sep-2017 22:34:20 Europe/Moscow] PHP Notice:  Undefined index: size in /home/ammas122/domains/sportmm.ru/public_html/library/libcruiser4/InsulatorOldCode.php on line 25
[12-Sep-2017 22:34:20 Europe/Moscow] PHP Notice:  Undefined index: size in /home/ammas122/domains/sportmm.ru/public_html/library/libcruiser4/InsulatorOldCode.php on line 25
[12-Sep-2017 22:34:24 Europe/Moscow] PHP Notice:  Undefined index: id_mod in /home/ammas122/domains/sportmm.ru/public_html/virab/fbx/admin/modules/qry_Main.php on line 8
[12-Sep-2017 22:34:24 Europe/Moscow] PHP Notice:  Undefined index: str_error in /home/ammas122/domains/sportmm.ru/public_html/virab/fbx/admin/modules/dsp_Main.php on line 115
[12-Sep-2017 22:34:24 Europe/Moscow] PHP Notice:  Undefined index: hide_pager in /home/ammas122/domains/sportmm.ru/public_html/library/libcruiser4/table/TableViewer.php on line 512
[12-Sep-2017 22:34:24 Europe/Moscow] PHP Notice:  Undefined index: pager in /home/ammas122/domains/sportmm.ru/public_html/library/libcruiser4/table/TableViewer.php on line 514
[12-Sep-2017 22:34:24 Europe/Moscow] PHP Notice:  Undefined index: hide_pager in /home/ammas122/domains/sportmm.ru/public_html/library/libcruiser4/table/TableViewer.php on line 512
[12-Sep-2017 22:34:24 Europe/Moscow] PHP Notice:  Undefined index: pager in /home/ammas122/domains/sportmm.ru/public_html/library/libcruiser4/table/TableViewer.php on line 514
[23-Sep-2017 18:08:42 Europe/Moscow] PHP Notice:  Undefined index: id_mod in /home/ammas122/domains/sportmm.ru/public_html/virab/fbx/admin/modules/qry_Main.php on line 8
[23-Sep-2017 18:08:42 Europe/Moscow] PHP Notice:  Undefined index: count_pg in /home/ammas122/domains/sportmm.ru/public_html/virab/fbx/admin/modules/qry_Main.php on line 9
[23-Sep-2017 18:08:42 Europe/Moscow] PHP Notice:  Undefined index: pg in /home/ammas122/domains/sportmm.ru/public_html/virab/fbx/admin/modules/qry_Main.php on line 10
[23-Sep-2017 18:08:42 Europe/Moscow] PHP Notice:  Undefined index: str_error in /home/ammas122/domains/sportmm.ru/public_html/virab/fbx/admin/modules/dsp_Main.php on line 115
[23-Sep-2017 18:08:42 Europe/Moscow] PHP Notice:  Undefined index: hide_pager in /home/ammas122/domains/sportmm.ru/public_html/library/libcruiser4/table/TableViewer.php on line 512
[23-Sep-2017 18:08:42 Europe/Moscow] PHP Notice:  Undefined index: pager in /home/ammas122/domains/sportmm.ru/public_html/library/libcruiser4/table/TableViewer.php on line 514
[23-Sep-2017 18:08:42 Europe/Moscow] PHP Notice:  Undefined index: hide_pager in /home/ammas122/domains/sportmm.ru/public_html/library/libcruiser4/table/TableViewer.php on line 512
[23-Sep-2017 18:08:42 Europe/Moscow] PHP Notice:  Undefined index: pager in /home/ammas122/domains/sportmm.ru/public_html/library/libcruiser4/table/TableViewer.php on line 514
