[30-Aug-2017 08:37:37 UTC] PHP Notice:  Undefined index: t_mod_clients_grid in /home/taat138/domains/uin.in.ua/public_html/test/library/libcruiser4/DataHelper.class.php on line 47
[30-Aug-2017 08:37:37 UTC] PHP Notice:  Undefined index: t_mod_clients_grid in /home/taat138/domains/uin.in.ua/public_html/test/library/libcruiser4/DataHelper.class.php on line 48
[30-Aug-2017 08:37:37 UTC] PHP Notice:  Undefined index:  in /home/taat138/domains/uin.in.ua/public_html/test/library/libcruiser4/DataHelper.class.php on line 50
[30-Aug-2017 08:37:37 UTC] PHP Notice:  Undefined index: t_mod_clients_grid in /home/taat138/domains/uin.in.ua/public_html/test/library/libcruiser4/DataHelper.class.php on line 81
[30-Aug-2017 08:37:37 UTC] PHP Notice:  Undefined index: filter in /home/taat138/domains/uin.in.ua/public_html/test/library/libcruiser4/DataHelper.class.php on line 82
[30-Aug-2017 08:37:37 UTC] PHP Notice:  Undefined index: t_mod_clients_grid in /home/taat138/domains/uin.in.ua/public_html/test/library/libcruiser4/DataHelper.class.php on line 83
[30-Aug-2017 08:37:37 UTC] PHP Notice:  Undefined index: countsList in /home/taat138/domains/uin.in.ua/public_html/test/library/libcruiser4/DataPaging.class.php on line 74
[30-Aug-2017 08:37:37 UTC] PHP Notice:  Undefined index: countDispPages in /home/taat138/domains/uin.in.ua/public_html/test/library/libcruiser4/DataPaging.class.php on line 78
[30-Aug-2017 08:37:37 UTC] PHP Notice:  Undefined index: pgngcfg in /home/taat138/domains/uin.in.ua/public_html/test/library/libcruiser4/DataPaging.class.php on line 97
[30-Aug-2017 08:37:37 UTC] PHP Notice:  Undefined index: d585cddb7b in /home/taat138/domains/uin.in.ua/public_html/test/library/libcruiser4/DataPaging.class.php on line 106
[30-Aug-2017 08:37:37 UTC] PHP Notice:  Undefined index: str_error in /home/taat138/domains/uin.in.ua/public_html/test/virab/fbx/modules/mod_clients/dsp_Main.php on line 120
[30-Aug-2017 08:37:37 UTC] PHP Notice:  Undefined index: filter_main in /home/taat138/domains/uin.in.ua/public_html/test/virab/fbx/modules/mod_clients/dsp_Main.php on line 131
[30-Aug-2017 08:37:37 UTC] PHP Notice:  Undefined index: ph_person in /home/taat138/domains/uin.in.ua/public_html/test/virab/fbx/modules/mod_clients/dsp_Main.php on line 141
[30-Aug-2017 08:37:37 UTC] PHP Notice:  Undefined index: has_file_field in /home/taat138/domains/uin.in.ua/public_html/test/library/libcruiser4/form/FormContainers.php on line 81
[30-Aug-2017 08:37:37 UTC] PHP Notice:  Undefined index: fieldset_cls in /home/taat138/domains/uin.in.ua/public_html/test/library/libcruiser4/form/FormContainers.php on line 87
[30-Aug-2017 08:37:37 UTC] PHP Notice:  Undefined index: ph_person in /home/taat138/domains/uin.in.ua/public_html/test/library/libcruiser4/DspHelper.class.php on line 214
[30-Aug-2017 08:37:37 UTC] PHP Notice:  Undefined index: ph_person in /home/taat138/domains/uin.in.ua/public_html/test/library/libcruiser4/DspHelper.class.php on line 215
[30-Aug-2017 08:37:37 UTC] PHP Notice:  Undefined index: phone in /home/taat138/domains/uin.in.ua/public_html/test/library/libcruiser4/DspHelper.class.php on line 214
[30-Aug-2017 08:37:37 UTC] PHP Notice:  Undefined index: phone in /home/taat138/domains/uin.in.ua/public_html/test/library/libcruiser4/DspHelper.class.php on line 215
[30-Aug-2017 08:37:37 UTC] PHP Notice:  Undefined index: textblock in /home/taat138/domains/uin.in.ua/public_html/test/library/libcruiser4/form/TextFieldBlocks.php on line 83
[30-Aug-2017 08:37:37 UTC] PHP Notice:  Undefined index: addinresult in /home/taat138/domains/uin.in.ua/public_html/test/library/libcruiser4/form/TextFieldBlocks.php on line 88
[30-Aug-2017 08:37:37 UTC] PHP Notice:  Undefined index: begin in /home/taat138/domains/uin.in.ua/public_html/test/library/libcruiser4/form/TextFieldBlocks.php on line 91
[30-Aug-2017 08:37:37 UTC] PHP Notice:  Undefined index: end in /home/taat138/domains/uin.in.ua/public_html/test/library/libcruiser4/form/TextFieldBlocks.php on line 102
[30-Aug-2017 08:37:37 UTC] PHP Notice:  Undefined index: email in /home/taat138/domains/uin.in.ua/public_html/test/library/libcruiser4/DspHelper.class.php on line 214
[30-Aug-2017 08:37:37 UTC] PHP Notice:  Undefined index: email in /home/taat138/domains/uin.in.ua/public_html/test/library/libcruiser4/DspHelper.class.php on line 215
[30-Aug-2017 08:37:37 UTC] PHP Notice:  Undefined index: textblock in /home/taat138/domains/uin.in.ua/public_html/test/library/libcruiser4/form/TextFieldBlocks.php on line 83
[30-Aug-2017 08:37:37 UTC] PHP Notice:  Undefined index: addinresult in /home/taat138/domains/uin.in.ua/public_html/test/library/libcruiser4/form/TextFieldBlocks.php on line 88
[30-Aug-2017 08:37:37 UTC] PHP Notice:  Undefined index: begin in /home/taat138/domains/uin.in.ua/public_html/test/library/libcruiser4/form/TextFieldBlocks.php on line 91
[30-Aug-2017 08:37:37 UTC] PHP Notice:  Undefined index: end in /home/taat138/domains/uin.in.ua/public_html/test/library/libcruiser4/form/TextFieldBlocks.php on line 102
[30-Aug-2017 08:37:37 UTC] PHP Notice:  Undefined index: f_name in /home/taat138/domains/uin.in.ua/public_html/test/library/libcruiser4/DspHelper.class.php on line 214
[30-Aug-2017 08:37:37 UTC] PHP Notice:  Undefined index: f_name in /home/taat138/domains/uin.in.ua/public_html/test/library/libcruiser4/DspHelper.class.php on line 215
[30-Aug-2017 08:37:37 UTC] PHP Notice:  Undefined index: textblock in /home/taat138/domains/uin.in.ua/public_html/test/library/libcruiser4/form/TextFieldBlocks.php on line 83
[30-Aug-2017 08:37:37 UTC] PHP Notice:  Undefined index: addinresult in /home/taat138/domains/uin.in.ua/public_html/test/library/libcruiser4/form/TextFieldBlocks.php on line 88
[30-Aug-2017 08:37:37 UTC] PHP Notice:  Undefined index: begin in /home/taat138/domains/uin.in.ua/public_html/test/library/libcruiser4/form/TextFieldBlocks.php on line 91
[30-Aug-2017 08:37:37 UTC] PHP Notice:  Undefined index: end in /home/taat138/domains/uin.in.ua/public_html/test/library/libcruiser4/form/TextFieldBlocks.php on line 102
[30-Aug-2017 08:37:37 UTC] PHP Notice:  Undefined index: i_name in /home/taat138/domains/uin.in.ua/public_html/test/library/libcruiser4/DspHelper.class.php on line 214
[30-Aug-2017 08:37:37 UTC] PHP Notice:  Undefined index: i_name in /home/taat138/domains/uin.in.ua/public_html/test/library/libcruiser4/DspHelper.class.php on line 215
[30-Aug-2017 08:37:37 UTC] PHP Notice:  Undefined index: textblock in /home/taat138/domains/uin.in.ua/public_html/test/library/libcruiser4/form/TextFieldBlocks.php on line 83
[30-Aug-2017 08:37:37 UTC] PHP Notice:  Undefined index: addinresult in /home/taat138/domains/uin.in.ua/public_html/test/library/libcruiser4/form/TextFieldBlocks.php on line 88
[30-Aug-2017 08:37:37 UTC] PHP Notice:  Undefined index: begin in /home/taat138/domains/uin.in.ua/public_html/test/library/libcruiser4/form/TextFieldBlocks.php on line 91
[30-Aug-2017 08:37:37 UTC] PHP Notice:  Undefined index: end in /home/taat138/domains/uin.in.ua/public_html/test/library/libcruiser4/form/TextFieldBlocks.php on line 102
[30-Aug-2017 08:37:37 UTC] PHP Notice:  Undefined index: o_name in /home/taat138/domains/uin.in.ua/public_html/test/library/libcruiser4/DspHelper.class.php on line 214
[30-Aug-2017 08:37:37 UTC] PHP Notice:  Undefined index: o_name in /home/taat138/domains/uin.in.ua/public_html/test/library/libcruiser4/DspHelper.class.php on line 215
[30-Aug-2017 08:37:37 UTC] PHP Notice:  Undefined index: textblock in /home/taat138/domains/uin.in.ua/public_html/test/library/libcruiser4/form/TextFieldBlocks.php on line 83
[30-Aug-2017 08:37:37 UTC] PHP Notice:  Undefined index: addinresult in /home/taat138/domains/uin.in.ua/public_html/test/library/libcruiser4/form/TextFieldBlocks.php on line 88
[30-Aug-2017 08:37:37 UTC] PHP Notice:  Undefined index: begin in /home/taat138/domains/uin.in.ua/public_html/test/library/libcruiser4/form/TextFieldBlocks.php on line 91
[30-Aug-2017 08:37:37 UTC] PHP Notice:  Undefined index: end in /home/taat138/domains/uin.in.ua/public_html/test/library/libcruiser4/form/TextFieldBlocks.php on line 102
[30-Aug-2017 08:37:37 UTC] PHP Notice:  Undefined index: color in /home/taat138/domains/uin.in.ua/public_html/test/library/libcruiser4/table/TableViewer.php on line 369
[30-Aug-2017 08:37:37 UTC] PHP Notice:  Undefined index: color in /home/taat138/domains/uin.in.ua/public_html/test/library/libcruiser4/table/TableViewer.php on line 369
[30-Aug-2017 08:37:37 UTC] PHP Notice:  Undefined index: color in /home/taat138/domains/uin.in.ua/public_html/test/library/libcruiser4/table/TableViewer.php on line 369
[30-Aug-2017 08:37:37 UTC] PHP Notice:  Undefined index: color in /home/taat138/domains/uin.in.ua/public_html/test/library/libcruiser4/table/TableViewer.php on line 369
[30-Aug-2017 08:37:37 UTC] PHP Notice:  Undefined index: color in /home/taat138/domains/uin.in.ua/public_html/test/library/libcruiser4/table/TableViewer.php on line 369
[30-Aug-2017 14:23:38 UTC] PHP Notice:  Undefined index: sort_field in /home/taat138/domains/uin.in.ua/public_html/test/library/libcruiser4/DataHelper.class.php on line 47
[30-Aug-2017 14:23:38 UTC] PHP Notice:  Undefined index: sort_dir in /home/taat138/domains/uin.in.ua/public_html/test/library/libcruiser4/DataHelper.class.php on line 48
[30-Aug-2017 14:23:38 UTC] PHP Notice:  Undefined index:  in /home/taat138/domains/uin.in.ua/public_html/test/library/libcruiser4/DataHelper.class.php on line 50
[30-Aug-2017 14:23:38 UTC] PHP Notice:  Undefined index: filter in /home/taat138/domains/uin.in.ua/public_html/test/library/libcruiser4/DataHelper.class.php on line 82
[30-Aug-2017 14:23:38 UTC] PHP Notice:  Undefined index: countsList in /home/taat138/domains/uin.in.ua/public_html/test/library/libcruiser4/DataPaging.class.php on line 74
[30-Aug-2017 14:23:38 UTC] PHP Notice:  Undefined index: countDispPages in /home/taat138/domains/uin.in.ua/public_html/test/library/libcruiser4/DataPaging.class.php on line 78
[30-Aug-2017 14:23:38 UTC] PHP Notice:  Undefined index: pgngcfg in /home/taat138/domains/uin.in.ua/public_html/test/library/libcruiser4/DataPaging.class.php on line 97
[30-Aug-2017 14:23:38 UTC] PHP Notice:  Undefined index: d585cddb7b in /home/taat138/domains/uin.in.ua/public_html/test/library/libcruiser4/DataPaging.class.php on line 106
[30-Aug-2017 14:23:38 UTC] PHP Notice:  Undefined index: str_error in /home/taat138/domains/uin.in.ua/public_html/test/virab/fbx/modules/mod_clients/dsp_Main.php on line 120
[30-Aug-2017 14:23:38 UTC] PHP Notice:  Undefined index: filter_main in /home/taat138/domains/uin.in.ua/public_html/test/virab/fbx/modules/mod_clients/dsp_Main.php on line 131
[30-Aug-2017 14:23:38 UTC] PHP Notice:  Undefined index: has_file_field in /home/taat138/domains/uin.in.ua/public_html/test/library/libcruiser4/form/FormContainers.php on line 81
[30-Aug-2017 14:23:38 UTC] PHP Notice:  Undefined index: fieldset_cls in /home/taat138/domains/uin.in.ua/public_html/test/library/libcruiser4/form/FormContainers.php on line 87
[30-Aug-2017 14:23:38 UTC] PHP Notice:  Undefined index: textblock in /home/taat138/domains/uin.in.ua/public_html/test/library/libcruiser4/form/TextFieldBlocks.php on line 83
[30-Aug-2017 14:23:38 UTC] PHP Notice:  Undefined index: addinresult in /home/taat138/domains/uin.in.ua/public_html/test/library/libcruiser4/form/TextFieldBlocks.php on line 88
[30-Aug-2017 14:23:38 UTC] PHP Notice:  Undefined index: begin in /home/taat138/domains/uin.in.ua/public_html/test/library/libcruiser4/form/TextFieldBlocks.php on line 91
[30-Aug-2017 14:23:38 UTC] PHP Notice:  Undefined index: end in /home/taat138/domains/uin.in.ua/public_html/test/library/libcruiser4/form/TextFieldBlocks.php on line 102
[30-Aug-2017 14:23:38 UTC] PHP Notice:  Undefined index: textblock in /home/taat138/domains/uin.in.ua/public_html/test/library/libcruiser4/form/TextFieldBlocks.php on line 83
[30-Aug-2017 14:23:38 UTC] PHP Notice:  Undefined index: addinresult in /home/taat138/domains/uin.in.ua/public_html/test/library/libcruiser4/form/TextFieldBlocks.php on line 88
[30-Aug-2017 14:23:38 UTC] PHP Notice:  Undefined index: begin in /home/taat138/domains/uin.in.ua/public_html/test/library/libcruiser4/form/TextFieldBlocks.php on line 91
[30-Aug-2017 14:23:38 UTC] PHP Notice:  Undefined index: end in /home/taat138/domains/uin.in.ua/public_html/test/library/libcruiser4/form/TextFieldBlocks.php on line 102
[30-Aug-2017 14:23:38 UTC] PHP Notice:  Undefined index: textblock in /home/taat138/domains/uin.in.ua/public_html/test/library/libcruiser4/form/TextFieldBlocks.php on line 83
[30-Aug-2017 14:23:38 UTC] PHP Notice:  Undefined index: addinresult in /home/taat138/domains/uin.in.ua/public_html/test/library/libcruiser4/form/TextFieldBlocks.php on line 88
[30-Aug-2017 14:23:38 UTC] PHP Notice:  Undefined index: begin in /home/taat138/domains/uin.in.ua/public_html/test/library/libcruiser4/form/TextFieldBlocks.php on line 91
[30-Aug-2017 14:23:38 UTC] PHP Notice:  Undefined index: end in /home/taat138/domains/uin.in.ua/public_html/test/library/libcruiser4/form/TextFieldBlocks.php on line 102
[30-Aug-2017 14:23:38 UTC] PHP Notice:  Undefined index: textblock in /home/taat138/domains/uin.in.ua/public_html/test/library/libcruiser4/form/TextFieldBlocks.php on line 83
[30-Aug-2017 14:23:38 UTC] PHP Notice:  Undefined index: addinresult in /home/taat138/domains/uin.in.ua/public_html/test/library/libcruiser4/form/TextFieldBlocks.php on line 88
[30-Aug-2017 14:23:38 UTC] PHP Notice:  Undefined index: begin in /home/taat138/domains/uin.in.ua/public_html/test/library/libcruiser4/form/TextFieldBlocks.php on line 91
[30-Aug-2017 14:23:38 UTC] PHP Notice:  Undefined index: end in /home/taat138/domains/uin.in.ua/public_html/test/library/libcruiser4/form/TextFieldBlocks.php on line 102
[30-Aug-2017 14:23:38 UTC] PHP Notice:  Undefined index: textblock in /home/taat138/domains/uin.in.ua/public_html/test/library/libcruiser4/form/TextFieldBlocks.php on line 83
[30-Aug-2017 14:23:38 UTC] PHP Notice:  Undefined index: addinresult in /home/taat138/domains/uin.in.ua/public_html/test/library/libcruiser4/form/TextFieldBlocks.php on line 88
[30-Aug-2017 14:23:38 UTC] PHP Notice:  Undefined index: begin in /home/taat138/domains/uin.in.ua/public_html/test/library/libcruiser4/form/TextFieldBlocks.php on line 91
[30-Aug-2017 14:23:38 UTC] PHP Notice:  Undefined index: end in /home/taat138/domains/uin.in.ua/public_html/test/library/libcruiser4/form/TextFieldBlocks.php on line 102
[30-Aug-2017 14:23:38 UTC] PHP Notice:  Undefined index: color in /home/taat138/domains/uin.in.ua/public_html/test/library/libcruiser4/table/TableViewer.php on line 369
[30-Aug-2017 14:23:38 UTC] PHP Notice:  Undefined index: color in /home/taat138/domains/uin.in.ua/public_html/test/library/libcruiser4/table/TableViewer.php on line 369
[30-Aug-2017 14:23:38 UTC] PHP Notice:  Undefined index: color in /home/taat138/domains/uin.in.ua/public_html/test/library/libcruiser4/table/TableViewer.php on line 369
[30-Aug-2017 14:23:38 UTC] PHP Notice:  Undefined index: color in /home/taat138/domains/uin.in.ua/public_html/test/library/libcruiser4/table/TableViewer.php on line 369
[30-Aug-2017 14:23:38 UTC] PHP Notice:  Undefined index: color in /home/taat138/domains/uin.in.ua/public_html/test/library/libcruiser4/table/TableViewer.php on line 369
[04-Sep-2017 18:13:45 Europe/Moscow] PHP Notice:  Undefined index: t_mod_clients_grid in /home/ammas122/domains/sportmm.ru/public_html/library/libcruiser4/DataHelper.class.php on line 47
[04-Sep-2017 18:13:45 Europe/Moscow] PHP Notice:  Undefined index: t_mod_clients_grid in /home/ammas122/domains/sportmm.ru/public_html/library/libcruiser4/DataHelper.class.php on line 48
[04-Sep-2017 18:13:45 Europe/Moscow] PHP Notice:  Undefined index:  in /home/ammas122/domains/sportmm.ru/public_html/library/libcruiser4/DataHelper.class.php on line 50
[04-Sep-2017 18:13:45 Europe/Moscow] PHP Notice:  Undefined index: t_mod_clients_grid in /home/ammas122/domains/sportmm.ru/public_html/library/libcruiser4/DataHelper.class.php on line 81
[04-Sep-2017 18:13:45 Europe/Moscow] PHP Notice:  Undefined index: filter in /home/ammas122/domains/sportmm.ru/public_html/library/libcruiser4/DataHelper.class.php on line 82
[04-Sep-2017 18:13:45 Europe/Moscow] PHP Notice:  Undefined index: t_mod_clients_grid in /home/ammas122/domains/sportmm.ru/public_html/library/libcruiser4/DataHelper.class.php on line 83
[04-Sep-2017 18:13:45 Europe/Moscow] PHP Notice:  Undefined index: countsList in /home/ammas122/domains/sportmm.ru/public_html/library/libcruiser4/DataPaging.class.php on line 74
[04-Sep-2017 18:13:45 Europe/Moscow] PHP Notice:  Undefined index: countDispPages in /home/ammas122/domains/sportmm.ru/public_html/library/libcruiser4/DataPaging.class.php on line 78
[04-Sep-2017 18:13:45 Europe/Moscow] PHP Notice:  Undefined index: pgngcfg in /home/ammas122/domains/sportmm.ru/public_html/library/libcruiser4/DataPaging.class.php on line 97
[04-Sep-2017 18:13:45 Europe/Moscow] PHP Notice:  Undefined index: d585cddb7b in /home/ammas122/domains/sportmm.ru/public_html/library/libcruiser4/DataPaging.class.php on line 106
[04-Sep-2017 18:13:45 Europe/Moscow] PHP Notice:  Undefined index: str_error in /home/ammas122/domains/sportmm.ru/public_html/virab/fbx/modules/mod_clients/dsp_Main.php on line 120
[04-Sep-2017 18:13:45 Europe/Moscow] PHP Notice:  Undefined index: filter_main in /home/ammas122/domains/sportmm.ru/public_html/virab/fbx/modules/mod_clients/dsp_Main.php on line 131
[04-Sep-2017 18:13:45 Europe/Moscow] PHP Notice:  Undefined index: ph_person in /home/ammas122/domains/sportmm.ru/public_html/virab/fbx/modules/mod_clients/dsp_Main.php on line 141
[04-Sep-2017 18:13:45 Europe/Moscow] PHP Notice:  Undefined index: has_file_field in /home/ammas122/domains/sportmm.ru/public_html/library/libcruiser4/form/FormContainers.php on line 81
[04-Sep-2017 18:13:45 Europe/Moscow] PHP Notice:  Undefined index: fieldset_cls in /home/ammas122/domains/sportmm.ru/public_html/library/libcruiser4/form/FormContainers.php on line 87
[04-Sep-2017 18:13:45 Europe/Moscow] PHP Notice:  Undefined index: ph_person in /home/ammas122/domains/sportmm.ru/public_html/library/libcruiser4/DspHelper.class.php on line 214
[04-Sep-2017 18:13:45 Europe/Moscow] PHP Notice:  Undefined index: ph_person in /home/ammas122/domains/sportmm.ru/public_html/library/libcruiser4/DspHelper.class.php on line 215
[04-Sep-2017 18:13:45 Europe/Moscow] PHP Notice:  Undefined index: phone in /home/ammas122/domains/sportmm.ru/public_html/library/libcruiser4/DspHelper.class.php on line 214
[04-Sep-2017 18:13:45 Europe/Moscow] PHP Notice:  Undefined index: phone in /home/ammas122/domains/sportmm.ru/public_html/library/libcruiser4/DspHelper.class.php on line 215
[04-Sep-2017 18:13:45 Europe/Moscow] PHP Notice:  Undefined index: textblock in /home/ammas122/domains/sportmm.ru/public_html/library/libcruiser4/form/TextFieldBlocks.php on line 83
[04-Sep-2017 18:13:45 Europe/Moscow] PHP Notice:  Undefined index: addinresult in /home/ammas122/domains/sportmm.ru/public_html/library/libcruiser4/form/TextFieldBlocks.php on line 88
[04-Sep-2017 18:13:45 Europe/Moscow] PHP Notice:  Undefined index: begin in /home/ammas122/domains/sportmm.ru/public_html/library/libcruiser4/form/TextFieldBlocks.php on line 91
[04-Sep-2017 18:13:45 Europe/Moscow] PHP Notice:  Undefined index: end in /home/ammas122/domains/sportmm.ru/public_html/library/libcruiser4/form/TextFieldBlocks.php on line 102
[04-Sep-2017 18:13:45 Europe/Moscow] PHP Notice:  Undefined index: email in /home/ammas122/domains/sportmm.ru/public_html/library/libcruiser4/DspHelper.class.php on line 214
[04-Sep-2017 18:13:45 Europe/Moscow] PHP Notice:  Undefined index: email in /home/ammas122/domains/sportmm.ru/public_html/library/libcruiser4/DspHelper.class.php on line 215
[04-Sep-2017 18:13:45 Europe/Moscow] PHP Notice:  Undefined index: textblock in /home/ammas122/domains/sportmm.ru/public_html/library/libcruiser4/form/TextFieldBlocks.php on line 83
[04-Sep-2017 18:13:45 Europe/Moscow] PHP Notice:  Undefined index: addinresult in /home/ammas122/domains/sportmm.ru/public_html/library/libcruiser4/form/TextFieldBlocks.php on line 88
[04-Sep-2017 18:13:45 Europe/Moscow] PHP Notice:  Undefined index: begin in /home/ammas122/domains/sportmm.ru/public_html/library/libcruiser4/form/TextFieldBlocks.php on line 91
[04-Sep-2017 18:13:45 Europe/Moscow] PHP Notice:  Undefined index: end in /home/ammas122/domains/sportmm.ru/public_html/library/libcruiser4/form/TextFieldBlocks.php on line 102
[04-Sep-2017 18:13:45 Europe/Moscow] PHP Notice:  Undefined index: f_name in /home/ammas122/domains/sportmm.ru/public_html/library/libcruiser4/DspHelper.class.php on line 214
[04-Sep-2017 18:13:45 Europe/Moscow] PHP Notice:  Undefined index: f_name in /home/ammas122/domains/sportmm.ru/public_html/library/libcruiser4/DspHelper.class.php on line 215
[04-Sep-2017 18:13:45 Europe/Moscow] PHP Notice:  Undefined index: textblock in /home/ammas122/domains/sportmm.ru/public_html/library/libcruiser4/form/TextFieldBlocks.php on line 83
[04-Sep-2017 18:13:45 Europe/Moscow] PHP Notice:  Undefined index: addinresult in /home/ammas122/domains/sportmm.ru/public_html/library/libcruiser4/form/TextFieldBlocks.php on line 88
[04-Sep-2017 18:13:45 Europe/Moscow] PHP Notice:  Undefined index: begin in /home/ammas122/domains/sportmm.ru/public_html/library/libcruiser4/form/TextFieldBlocks.php on line 91
[04-Sep-2017 18:13:45 Europe/Moscow] PHP Notice:  Undefined index: end in /home/ammas122/domains/sportmm.ru/public_html/library/libcruiser4/form/TextFieldBlocks.php on line 102
[04-Sep-2017 18:13:45 Europe/Moscow] PHP Notice:  Undefined index: i_name in /home/ammas122/domains/sportmm.ru/public_html/library/libcruiser4/DspHelper.class.php on line 214
[04-Sep-2017 18:13:45 Europe/Moscow] PHP Notice:  Undefined index: i_name in /home/ammas122/domains/sportmm.ru/public_html/library/libcruiser4/DspHelper.class.php on line 215
[04-Sep-2017 18:13:45 Europe/Moscow] PHP Notice:  Undefined index: textblock in /home/ammas122/domains/sportmm.ru/public_html/library/libcruiser4/form/TextFieldBlocks.php on line 83
[04-Sep-2017 18:13:45 Europe/Moscow] PHP Notice:  Undefined index: addinresult in /home/ammas122/domains/sportmm.ru/public_html/library/libcruiser4/form/TextFieldBlocks.php on line 88
[04-Sep-2017 18:13:45 Europe/Moscow] PHP Notice:  Undefined index: begin in /home/ammas122/domains/sportmm.ru/public_html/library/libcruiser4/form/TextFieldBlocks.php on line 91
[04-Sep-2017 18:13:45 Europe/Moscow] PHP Notice:  Undefined index: end in /home/ammas122/domains/sportmm.ru/public_html/library/libcruiser4/form/TextFieldBlocks.php on line 102
[04-Sep-2017 18:13:45 Europe/Moscow] PHP Notice:  Undefined index: o_name in /home/ammas122/domains/sportmm.ru/public_html/library/libcruiser4/DspHelper.class.php on line 214
[04-Sep-2017 18:13:45 Europe/Moscow] PHP Notice:  Undefined index: o_name in /home/ammas122/domains/sportmm.ru/public_html/library/libcruiser4/DspHelper.class.php on line 215
[04-Sep-2017 18:13:45 Europe/Moscow] PHP Notice:  Undefined index: textblock in /home/ammas122/domains/sportmm.ru/public_html/library/libcruiser4/form/TextFieldBlocks.php on line 83
[04-Sep-2017 18:13:45 Europe/Moscow] PHP Notice:  Undefined index: addinresult in /home/ammas122/domains/sportmm.ru/public_html/library/libcruiser4/form/TextFieldBlocks.php on line 88
[04-Sep-2017 18:13:45 Europe/Moscow] PHP Notice:  Undefined index: begin in /home/ammas122/domains/sportmm.ru/public_html/library/libcruiser4/form/TextFieldBlocks.php on line 91
[04-Sep-2017 18:13:45 Europe/Moscow] PHP Notice:  Undefined index: end in /home/ammas122/domains/sportmm.ru/public_html/library/libcruiser4/form/TextFieldBlocks.php on line 102
[04-Sep-2017 18:13:45 Europe/Moscow] PHP Notice:  Undefined index: color in /home/ammas122/domains/sportmm.ru/public_html/library/libcruiser4/table/TableViewer.php on line 369
[04-Sep-2017 18:13:45 Europe/Moscow] PHP Notice:  Undefined index: color in /home/ammas122/domains/sportmm.ru/public_html/library/libcruiser4/table/TableViewer.php on line 369
[04-Sep-2017 18:13:45 Europe/Moscow] PHP Notice:  Undefined index: color in /home/ammas122/domains/sportmm.ru/public_html/library/libcruiser4/table/TableViewer.php on line 369
[04-Sep-2017 18:13:45 Europe/Moscow] PHP Notice:  Undefined index: color in /home/ammas122/domains/sportmm.ru/public_html/library/libcruiser4/table/TableViewer.php on line 369
[04-Sep-2017 18:13:45 Europe/Moscow] PHP Notice:  Undefined index: color in /home/ammas122/domains/sportmm.ru/public_html/library/libcruiser4/table/TableViewer.php on line 369
[06-Sep-2017 20:24:02 Europe/Moscow] PHP Notice:  Undefined index: t_mod_clients_grid in /home/ammas122/domains/sportmm.ru/public_html/library/libcruiser4/DataHelper.class.php on line 47
[06-Sep-2017 20:24:02 Europe/Moscow] PHP Notice:  Undefined index: t_mod_clients_grid in /home/ammas122/domains/sportmm.ru/public_html/library/libcruiser4/DataHelper.class.php on line 48
[06-Sep-2017 20:24:02 Europe/Moscow] PHP Notice:  Undefined index:  in /home/ammas122/domains/sportmm.ru/public_html/library/libcruiser4/DataHelper.class.php on line 50
[06-Sep-2017 20:24:02 Europe/Moscow] PHP Notice:  Undefined index: t_mod_clients_grid in /home/ammas122/domains/sportmm.ru/public_html/library/libcruiser4/DataHelper.class.php on line 81
[06-Sep-2017 20:24:02 Europe/Moscow] PHP Notice:  Undefined index: filter in /home/ammas122/domains/sportmm.ru/public_html/library/libcruiser4/DataHelper.class.php on line 82
[06-Sep-2017 20:24:02 Europe/Moscow] PHP Notice:  Undefined index: t_mod_clients_grid in /home/ammas122/domains/sportmm.ru/public_html/library/libcruiser4/DataHelper.class.php on line 83
[06-Sep-2017 20:24:02 Europe/Moscow] PHP Notice:  Undefined index: countsList in /home/ammas122/domains/sportmm.ru/public_html/library/libcruiser4/DataPaging.class.php on line 74
[06-Sep-2017 20:24:02 Europe/Moscow] PHP Notice:  Undefined index: countDispPages in /home/ammas122/domains/sportmm.ru/public_html/library/libcruiser4/DataPaging.class.php on line 78
[06-Sep-2017 20:24:02 Europe/Moscow] PHP Notice:  Undefined index: pgngcfg in /home/ammas122/domains/sportmm.ru/public_html/library/libcruiser4/DataPaging.class.php on line 97
[06-Sep-2017 20:24:02 Europe/Moscow] PHP Notice:  Undefined index: d585cddb7b in /home/ammas122/domains/sportmm.ru/public_html/library/libcruiser4/DataPaging.class.php on line 106
[06-Sep-2017 20:24:02 Europe/Moscow] PHP Notice:  Undefined index: str_error in /home/ammas122/domains/sportmm.ru/public_html/virab/fbx/modules/mod_clients/dsp_Main.php on line 120
[06-Sep-2017 20:24:02 Europe/Moscow] PHP Notice:  Undefined index: filter_main in /home/ammas122/domains/sportmm.ru/public_html/virab/fbx/modules/mod_clients/dsp_Main.php on line 131
[06-Sep-2017 20:24:02 Europe/Moscow] PHP Notice:  Undefined index: ph_person in /home/ammas122/domains/sportmm.ru/public_html/virab/fbx/modules/mod_clients/dsp_Main.php on line 141
[06-Sep-2017 20:24:02 Europe/Moscow] PHP Notice:  Undefined index: has_file_field in /home/ammas122/domains/sportmm.ru/public_html/library/libcruiser4/form/FormContainers.php on line 81
[06-Sep-2017 20:24:02 Europe/Moscow] PHP Notice:  Undefined index: fieldset_cls in /home/ammas122/domains/sportmm.ru/public_html/library/libcruiser4/form/FormContainers.php on line 87
[06-Sep-2017 20:24:02 Europe/Moscow] PHP Notice:  Undefined index: ph_person in /home/ammas122/domains/sportmm.ru/public_html/library/libcruiser4/DspHelper.class.php on line 214
[06-Sep-2017 20:24:02 Europe/Moscow] PHP Notice:  Undefined index: ph_person in /home/ammas122/domains/sportmm.ru/public_html/library/libcruiser4/DspHelper.class.php on line 215
[06-Sep-2017 20:24:02 Europe/Moscow] PHP Notice:  Undefined index: phone in /home/ammas122/domains/sportmm.ru/public_html/library/libcruiser4/DspHelper.class.php on line 214
[06-Sep-2017 20:24:02 Europe/Moscow] PHP Notice:  Undefined index: phone in /home/ammas122/domains/sportmm.ru/public_html/library/libcruiser4/DspHelper.class.php on line 215
[06-Sep-2017 20:24:02 Europe/Moscow] PHP Notice:  Undefined index: textblock in /home/ammas122/domains/sportmm.ru/public_html/library/libcruiser4/form/TextFieldBlocks.php on line 83
[06-Sep-2017 20:24:02 Europe/Moscow] PHP Notice:  Undefined index: addinresult in /home/ammas122/domains/sportmm.ru/public_html/library/libcruiser4/form/TextFieldBlocks.php on line 88
[06-Sep-2017 20:24:02 Europe/Moscow] PHP Notice:  Undefined index: begin in /home/ammas122/domains/sportmm.ru/public_html/library/libcruiser4/form/TextFieldBlocks.php on line 91
[06-Sep-2017 20:24:02 Europe/Moscow] PHP Notice:  Undefined index: end in /home/ammas122/domains/sportmm.ru/public_html/library/libcruiser4/form/TextFieldBlocks.php on line 102
[06-Sep-2017 20:24:02 Europe/Moscow] PHP Notice:  Undefined index: email in /home/ammas122/domains/sportmm.ru/public_html/library/libcruiser4/DspHelper.class.php on line 214
[06-Sep-2017 20:24:02 Europe/Moscow] PHP Notice:  Undefined index: email in /home/ammas122/domains/sportmm.ru/public_html/library/libcruiser4/DspHelper.class.php on line 215
[06-Sep-2017 20:24:02 Europe/Moscow] PHP Notice:  Undefined index: textblock in /home/ammas122/domains/sportmm.ru/public_html/library/libcruiser4/form/TextFieldBlocks.php on line 83
[06-Sep-2017 20:24:02 Europe/Moscow] PHP Notice:  Undefined index: addinresult in /home/ammas122/domains/sportmm.ru/public_html/library/libcruiser4/form/TextFieldBlocks.php on line 88
[06-Sep-2017 20:24:02 Europe/Moscow] PHP Notice:  Undefined index: begin in /home/ammas122/domains/sportmm.ru/public_html/library/libcruiser4/form/TextFieldBlocks.php on line 91
[06-Sep-2017 20:24:02 Europe/Moscow] PHP Notice:  Undefined index: end in /home/ammas122/domains/sportmm.ru/public_html/library/libcruiser4/form/TextFieldBlocks.php on line 102
[06-Sep-2017 20:24:02 Europe/Moscow] PHP Notice:  Undefined index: f_name in /home/ammas122/domains/sportmm.ru/public_html/library/libcruiser4/DspHelper.class.php on line 214
[06-Sep-2017 20:24:02 Europe/Moscow] PHP Notice:  Undefined index: f_name in /home/ammas122/domains/sportmm.ru/public_html/library/libcruiser4/DspHelper.class.php on line 215
[06-Sep-2017 20:24:02 Europe/Moscow] PHP Notice:  Undefined index: textblock in /home/ammas122/domains/sportmm.ru/public_html/library/libcruiser4/form/TextFieldBlocks.php on line 83
[06-Sep-2017 20:24:02 Europe/Moscow] PHP Notice:  Undefined index: addinresult in /home/ammas122/domains/sportmm.ru/public_html/library/libcruiser4/form/TextFieldBlocks.php on line 88
[06-Sep-2017 20:24:02 Europe/Moscow] PHP Notice:  Undefined index: begin in /home/ammas122/domains/sportmm.ru/public_html/library/libcruiser4/form/TextFieldBlocks.php on line 91
[06-Sep-2017 20:24:02 Europe/Moscow] PHP Notice:  Undefined index: end in /home/ammas122/domains/sportmm.ru/public_html/library/libcruiser4/form/TextFieldBlocks.php on line 102
[06-Sep-2017 20:24:02 Europe/Moscow] PHP Notice:  Undefined index: i_name in /home/ammas122/domains/sportmm.ru/public_html/library/libcruiser4/DspHelper.class.php on line 214
[06-Sep-2017 20:24:02 Europe/Moscow] PHP Notice:  Undefined index: i_name in /home/ammas122/domains/sportmm.ru/public_html/library/libcruiser4/DspHelper.class.php on line 215
[06-Sep-2017 20:24:02 Europe/Moscow] PHP Notice:  Undefined index: textblock in /home/ammas122/domains/sportmm.ru/public_html/library/libcruiser4/form/TextFieldBlocks.php on line 83
[06-Sep-2017 20:24:02 Europe/Moscow] PHP Notice:  Undefined index: addinresult in /home/ammas122/domains/sportmm.ru/public_html/library/libcruiser4/form/TextFieldBlocks.php on line 88
[06-Sep-2017 20:24:02 Europe/Moscow] PHP Notice:  Undefined index: begin in /home/ammas122/domains/sportmm.ru/public_html/library/libcruiser4/form/TextFieldBlocks.php on line 91
[06-Sep-2017 20:24:02 Europe/Moscow] PHP Notice:  Undefined index: end in /home/ammas122/domains/sportmm.ru/public_html/library/libcruiser4/form/TextFieldBlocks.php on line 102
[06-Sep-2017 20:24:02 Europe/Moscow] PHP Notice:  Undefined index: o_name in /home/ammas122/domains/sportmm.ru/public_html/library/libcruiser4/DspHelper.class.php on line 214
[06-Sep-2017 20:24:02 Europe/Moscow] PHP Notice:  Undefined index: o_name in /home/ammas122/domains/sportmm.ru/public_html/library/libcruiser4/DspHelper.class.php on line 215
[06-Sep-2017 20:24:02 Europe/Moscow] PHP Notice:  Undefined index: textblock in /home/ammas122/domains/sportmm.ru/public_html/library/libcruiser4/form/TextFieldBlocks.php on line 83
[06-Sep-2017 20:24:02 Europe/Moscow] PHP Notice:  Undefined index: addinresult in /home/ammas122/domains/sportmm.ru/public_html/library/libcruiser4/form/TextFieldBlocks.php on line 88
[06-Sep-2017 20:24:02 Europe/Moscow] PHP Notice:  Undefined index: begin in /home/ammas122/domains/sportmm.ru/public_html/library/libcruiser4/form/TextFieldBlocks.php on line 91
[06-Sep-2017 20:24:02 Europe/Moscow] PHP Notice:  Undefined index: end in /home/ammas122/domains/sportmm.ru/public_html/library/libcruiser4/form/TextFieldBlocks.php on line 102
[06-Sep-2017 20:24:02 Europe/Moscow] PHP Notice:  Undefined index: color in /home/ammas122/domains/sportmm.ru/public_html/library/libcruiser4/table/TableViewer.php on line 369
[06-Sep-2017 20:24:02 Europe/Moscow] PHP Notice:  Undefined index: color in /home/ammas122/domains/sportmm.ru/public_html/library/libcruiser4/table/TableViewer.php on line 369
[06-Sep-2017 20:24:02 Europe/Moscow] PHP Notice:  Undefined index: color in /home/ammas122/domains/sportmm.ru/public_html/library/libcruiser4/table/TableViewer.php on line 369
[06-Sep-2017 20:24:02 Europe/Moscow] PHP Notice:  Undefined index: color in /home/ammas122/domains/sportmm.ru/public_html/library/libcruiser4/table/TableViewer.php on line 369
[06-Sep-2017 20:24:02 Europe/Moscow] PHP Notice:  Undefined index: color in /home/ammas122/domains/sportmm.ru/public_html/library/libcruiser4/table/TableViewer.php on line 369
[07-Sep-2017 17:12:45 Europe/Moscow] PHP Notice:  Undefined index: t_mod_clients_grid in /home/ammas122/domains/sportmm.ru/public_html/library/libcruiser4/DataHelper.class.php on line 47
[07-Sep-2017 17:12:45 Europe/Moscow] PHP Notice:  Undefined index: t_mod_clients_grid in /home/ammas122/domains/sportmm.ru/public_html/library/libcruiser4/DataHelper.class.php on line 48
[07-Sep-2017 17:12:45 Europe/Moscow] PHP Notice:  Undefined index:  in /home/ammas122/domains/sportmm.ru/public_html/library/libcruiser4/DataHelper.class.php on line 50
[07-Sep-2017 17:12:45 Europe/Moscow] PHP Notice:  Undefined index: t_mod_clients_grid in /home/ammas122/domains/sportmm.ru/public_html/library/libcruiser4/DataHelper.class.php on line 81
[07-Sep-2017 17:12:45 Europe/Moscow] PHP Notice:  Undefined index: filter in /home/ammas122/domains/sportmm.ru/public_html/library/libcruiser4/DataHelper.class.php on line 82
[07-Sep-2017 17:12:45 Europe/Moscow] PHP Notice:  Undefined index: t_mod_clients_grid in /home/ammas122/domains/sportmm.ru/public_html/library/libcruiser4/DataHelper.class.php on line 83
[07-Sep-2017 17:12:45 Europe/Moscow] PHP Notice:  Undefined index: countsList in /home/ammas122/domains/sportmm.ru/public_html/library/libcruiser4/DataPaging.class.php on line 74
[07-Sep-2017 17:12:45 Europe/Moscow] PHP Notice:  Undefined index: countDispPages in /home/ammas122/domains/sportmm.ru/public_html/library/libcruiser4/DataPaging.class.php on line 78
[07-Sep-2017 17:12:45 Europe/Moscow] PHP Notice:  Undefined index: pgngcfg in /home/ammas122/domains/sportmm.ru/public_html/library/libcruiser4/DataPaging.class.php on line 97
[07-Sep-2017 17:12:45 Europe/Moscow] PHP Notice:  Undefined index: d585cddb7b in /home/ammas122/domains/sportmm.ru/public_html/library/libcruiser4/DataPaging.class.php on line 106
[07-Sep-2017 17:12:45 Europe/Moscow] PHP Notice:  Undefined index: str_error in /home/ammas122/domains/sportmm.ru/public_html/virab/fbx/modules/mod_clients/dsp_Main.php on line 120
[07-Sep-2017 17:12:45 Europe/Moscow] PHP Notice:  Undefined index: filter_main in /home/ammas122/domains/sportmm.ru/public_html/virab/fbx/modules/mod_clients/dsp_Main.php on line 131
[07-Sep-2017 17:12:45 Europe/Moscow] PHP Notice:  Undefined index: ph_person in /home/ammas122/domains/sportmm.ru/public_html/virab/fbx/modules/mod_clients/dsp_Main.php on line 141
[07-Sep-2017 17:12:45 Europe/Moscow] PHP Notice:  Undefined index: has_file_field in /home/ammas122/domains/sportmm.ru/public_html/library/libcruiser4/form/FormContainers.php on line 81
[07-Sep-2017 17:12:45 Europe/Moscow] PHP Notice:  Undefined index: fieldset_cls in /home/ammas122/domains/sportmm.ru/public_html/library/libcruiser4/form/FormContainers.php on line 87
[07-Sep-2017 17:12:45 Europe/Moscow] PHP Notice:  Undefined index: ph_person in /home/ammas122/domains/sportmm.ru/public_html/library/libcruiser4/DspHelper.class.php on line 214
[07-Sep-2017 17:12:45 Europe/Moscow] PHP Notice:  Undefined index: ph_person in /home/ammas122/domains/sportmm.ru/public_html/library/libcruiser4/DspHelper.class.php on line 215
[07-Sep-2017 17:12:45 Europe/Moscow] PHP Notice:  Undefined index: phone in /home/ammas122/domains/sportmm.ru/public_html/library/libcruiser4/DspHelper.class.php on line 214
[07-Sep-2017 17:12:45 Europe/Moscow] PHP Notice:  Undefined index: phone in /home/ammas122/domains/sportmm.ru/public_html/library/libcruiser4/DspHelper.class.php on line 215
[07-Sep-2017 17:12:45 Europe/Moscow] PHP Notice:  Undefined index: textblock in /home/ammas122/domains/sportmm.ru/public_html/library/libcruiser4/form/TextFieldBlocks.php on line 83
[07-Sep-2017 17:12:45 Europe/Moscow] PHP Notice:  Undefined index: addinresult in /home/ammas122/domains/sportmm.ru/public_html/library/libcruiser4/form/TextFieldBlocks.php on line 88
[07-Sep-2017 17:12:45 Europe/Moscow] PHP Notice:  Undefined index: begin in /home/ammas122/domains/sportmm.ru/public_html/library/libcruiser4/form/TextFieldBlocks.php on line 91
[07-Sep-2017 17:12:45 Europe/Moscow] PHP Notice:  Undefined index: end in /home/ammas122/domains/sportmm.ru/public_html/library/libcruiser4/form/TextFieldBlocks.php on line 102
[07-Sep-2017 17:12:45 Europe/Moscow] PHP Notice:  Undefined index: email in /home/ammas122/domains/sportmm.ru/public_html/library/libcruiser4/DspHelper.class.php on line 214
[07-Sep-2017 17:12:45 Europe/Moscow] PHP Notice:  Undefined index: email in /home/ammas122/domains/sportmm.ru/public_html/library/libcruiser4/DspHelper.class.php on line 215
[07-Sep-2017 17:12:45 Europe/Moscow] PHP Notice:  Undefined index: textblock in /home/ammas122/domains/sportmm.ru/public_html/library/libcruiser4/form/TextFieldBlocks.php on line 83
[07-Sep-2017 17:12:45 Europe/Moscow] PHP Notice:  Undefined index: addinresult in /home/ammas122/domains/sportmm.ru/public_html/library/libcruiser4/form/TextFieldBlocks.php on line 88
[07-Sep-2017 17:12:45 Europe/Moscow] PHP Notice:  Undefined index: begin in /home/ammas122/domains/sportmm.ru/public_html/library/libcruiser4/form/TextFieldBlocks.php on line 91
[07-Sep-2017 17:12:45 Europe/Moscow] PHP Notice:  Undefined index: end in /home/ammas122/domains/sportmm.ru/public_html/library/libcruiser4/form/TextFieldBlocks.php on line 102
[07-Sep-2017 17:12:45 Europe/Moscow] PHP Notice:  Undefined index: f_name in /home/ammas122/domains/sportmm.ru/public_html/library/libcruiser4/DspHelper.class.php on line 214
[07-Sep-2017 17:12:45 Europe/Moscow] PHP Notice:  Undefined index: f_name in /home/ammas122/domains/sportmm.ru/public_html/library/libcruiser4/DspHelper.class.php on line 215
[07-Sep-2017 17:12:45 Europe/Moscow] PHP Notice:  Undefined index: textblock in /home/ammas122/domains/sportmm.ru/public_html/library/libcruiser4/form/TextFieldBlocks.php on line 83
[07-Sep-2017 17:12:45 Europe/Moscow] PHP Notice:  Undefined index: addinresult in /home/ammas122/domains/sportmm.ru/public_html/library/libcruiser4/form/TextFieldBlocks.php on line 88
[07-Sep-2017 17:12:45 Europe/Moscow] PHP Notice:  Undefined index: begin in /home/ammas122/domains/sportmm.ru/public_html/library/libcruiser4/form/TextFieldBlocks.php on line 91
[07-Sep-2017 17:12:45 Europe/Moscow] PHP Notice:  Undefined index: end in /home/ammas122/domains/sportmm.ru/public_html/library/libcruiser4/form/TextFieldBlocks.php on line 102
[07-Sep-2017 17:12:45 Europe/Moscow] PHP Notice:  Undefined index: i_name in /home/ammas122/domains/sportmm.ru/public_html/library/libcruiser4/DspHelper.class.php on line 214
[07-Sep-2017 17:12:45 Europe/Moscow] PHP Notice:  Undefined index: i_name in /home/ammas122/domains/sportmm.ru/public_html/library/libcruiser4/DspHelper.class.php on line 215
[07-Sep-2017 17:12:45 Europe/Moscow] PHP Notice:  Undefined index: textblock in /home/ammas122/domains/sportmm.ru/public_html/library/libcruiser4/form/TextFieldBlocks.php on line 83
[07-Sep-2017 17:12:45 Europe/Moscow] PHP Notice:  Undefined index: addinresult in /home/ammas122/domains/sportmm.ru/public_html/library/libcruiser4/form/TextFieldBlocks.php on line 88
[07-Sep-2017 17:12:45 Europe/Moscow] PHP Notice:  Undefined index: begin in /home/ammas122/domains/sportmm.ru/public_html/library/libcruiser4/form/TextFieldBlocks.php on line 91
[07-Sep-2017 17:12:45 Europe/Moscow] PHP Notice:  Undefined index: end in /home/ammas122/domains/sportmm.ru/public_html/library/libcruiser4/form/TextFieldBlocks.php on line 102
[07-Sep-2017 17:12:45 Europe/Moscow] PHP Notice:  Undefined index: o_name in /home/ammas122/domains/sportmm.ru/public_html/library/libcruiser4/DspHelper.class.php on line 214
[07-Sep-2017 17:12:45 Europe/Moscow] PHP Notice:  Undefined index: o_name in /home/ammas122/domains/sportmm.ru/public_html/library/libcruiser4/DspHelper.class.php on line 215
[07-Sep-2017 17:12:45 Europe/Moscow] PHP Notice:  Undefined index: textblock in /home/ammas122/domains/sportmm.ru/public_html/library/libcruiser4/form/TextFieldBlocks.php on line 83
[07-Sep-2017 17:12:45 Europe/Moscow] PHP Notice:  Undefined index: addinresult in /home/ammas122/domains/sportmm.ru/public_html/library/libcruiser4/form/TextFieldBlocks.php on line 88
[07-Sep-2017 17:12:45 Europe/Moscow] PHP Notice:  Undefined index: begin in /home/ammas122/domains/sportmm.ru/public_html/library/libcruiser4/form/TextFieldBlocks.php on line 91
[07-Sep-2017 17:12:45 Europe/Moscow] PHP Notice:  Undefined index: end in /home/ammas122/domains/sportmm.ru/public_html/library/libcruiser4/form/TextFieldBlocks.php on line 102
[07-Sep-2017 17:12:45 Europe/Moscow] PHP Notice:  Undefined index: color in /home/ammas122/domains/sportmm.ru/public_html/library/libcruiser4/table/TableViewer.php on line 369
[07-Sep-2017 17:12:45 Europe/Moscow] PHP Notice:  Undefined index: color in /home/ammas122/domains/sportmm.ru/public_html/library/libcruiser4/table/TableViewer.php on line 369
[07-Sep-2017 17:12:45 Europe/Moscow] PHP Notice:  Undefined index: color in /home/ammas122/domains/sportmm.ru/public_html/library/libcruiser4/table/TableViewer.php on line 369
[07-Sep-2017 17:12:45 Europe/Moscow] PHP Notice:  Undefined index: color in /home/ammas122/domains/sportmm.ru/public_html/library/libcruiser4/table/TableViewer.php on line 369
[07-Sep-2017 17:12:45 Europe/Moscow] PHP Notice:  Undefined index: color in /home/ammas122/domains/sportmm.ru/public_html/library/libcruiser4/table/TableViewer.php on line 369
[07-Sep-2017 17:12:46 Europe/Moscow] PHP Notice:  Undefined index: sort_field in /home/ammas122/domains/sportmm.ru/public_html/library/libcruiser4/DataHelper.class.php on line 47
[07-Sep-2017 17:12:46 Europe/Moscow] PHP Notice:  Undefined index: sort_dir in /home/ammas122/domains/sportmm.ru/public_html/library/libcruiser4/DataHelper.class.php on line 48
[07-Sep-2017 17:12:46 Europe/Moscow] PHP Notice:  Undefined index:  in /home/ammas122/domains/sportmm.ru/public_html/library/libcruiser4/DataHelper.class.php on line 50
[07-Sep-2017 17:12:46 Europe/Moscow] PHP Notice:  Undefined index: filter in /home/ammas122/domains/sportmm.ru/public_html/library/libcruiser4/DataHelper.class.php on line 82
[07-Sep-2017 17:12:46 Europe/Moscow] PHP Notice:  Undefined index: countsList in /home/ammas122/domains/sportmm.ru/public_html/library/libcruiser4/DataPaging.class.php on line 74
[07-Sep-2017 17:12:46 Europe/Moscow] PHP Notice:  Undefined index: countDispPages in /home/ammas122/domains/sportmm.ru/public_html/library/libcruiser4/DataPaging.class.php on line 78
[07-Sep-2017 17:12:46 Europe/Moscow] PHP Notice:  Undefined index: pgngcfg in /home/ammas122/domains/sportmm.ru/public_html/library/libcruiser4/DataPaging.class.php on line 97
[07-Sep-2017 17:12:46 Europe/Moscow] PHP Notice:  Undefined index: d585cddb7b in /home/ammas122/domains/sportmm.ru/public_html/library/libcruiser4/DataPaging.class.php on line 106
[07-Sep-2017 17:12:46 Europe/Moscow] PHP Notice:  Undefined index: str_error in /home/ammas122/domains/sportmm.ru/public_html/virab/fbx/modules/mod_clients/dsp_Main.php on line 120
[07-Sep-2017 17:12:46 Europe/Moscow] PHP Notice:  Undefined index: filter_main in /home/ammas122/domains/sportmm.ru/public_html/virab/fbx/modules/mod_clients/dsp_Main.php on line 131
[07-Sep-2017 17:12:46 Europe/Moscow] PHP Notice:  Undefined index: has_file_field in /home/ammas122/domains/sportmm.ru/public_html/library/libcruiser4/form/FormContainers.php on line 81
[07-Sep-2017 17:12:46 Europe/Moscow] PHP Notice:  Undefined index: fieldset_cls in /home/ammas122/domains/sportmm.ru/public_html/library/libcruiser4/form/FormContainers.php on line 87
[07-Sep-2017 17:12:46 Europe/Moscow] PHP Notice:  Undefined index: textblock in /home/ammas122/domains/sportmm.ru/public_html/library/libcruiser4/form/TextFieldBlocks.php on line 83
[07-Sep-2017 17:12:46 Europe/Moscow] PHP Notice:  Undefined index: addinresult in /home/ammas122/domains/sportmm.ru/public_html/library/libcruiser4/form/TextFieldBlocks.php on line 88
[07-Sep-2017 17:12:46 Europe/Moscow] PHP Notice:  Undefined index: begin in /home/ammas122/domains/sportmm.ru/public_html/library/libcruiser4/form/TextFieldBlocks.php on line 91
[07-Sep-2017 17:12:46 Europe/Moscow] PHP Notice:  Undefined index: end in /home/ammas122/domains/sportmm.ru/public_html/library/libcruiser4/form/TextFieldBlocks.php on line 102
[07-Sep-2017 17:12:46 Europe/Moscow] PHP Notice:  Undefined index: textblock in /home/ammas122/domains/sportmm.ru/public_html/library/libcruiser4/form/TextFieldBlocks.php on line 83
[07-Sep-2017 17:12:46 Europe/Moscow] PHP Notice:  Undefined index: addinresult in /home/ammas122/domains/sportmm.ru/public_html/library/libcruiser4/form/TextFieldBlocks.php on line 88
[07-Sep-2017 17:12:46 Europe/Moscow] PHP Notice:  Undefined index: begin in /home/ammas122/domains/sportmm.ru/public_html/library/libcruiser4/form/TextFieldBlocks.php on line 91
[07-Sep-2017 17:12:46 Europe/Moscow] PHP Notice:  Undefined index: end in /home/ammas122/domains/sportmm.ru/public_html/library/libcruiser4/form/TextFieldBlocks.php on line 102
[07-Sep-2017 17:12:46 Europe/Moscow] PHP Notice:  Undefined index: textblock in /home/ammas122/domains/sportmm.ru/public_html/library/libcruiser4/form/TextFieldBlocks.php on line 83
[07-Sep-2017 17:12:46 Europe/Moscow] PHP Notice:  Undefined index: addinresult in /home/ammas122/domains/sportmm.ru/public_html/library/libcruiser4/form/TextFieldBlocks.php on line 88
[07-Sep-2017 17:12:46 Europe/Moscow] PHP Notice:  Undefined index: begin in /home/ammas122/domains/sportmm.ru/public_html/library/libcruiser4/form/TextFieldBlocks.php on line 91
[07-Sep-2017 17:12:46 Europe/Moscow] PHP Notice:  Undefined index: end in /home/ammas122/domains/sportmm.ru/public_html/library/libcruiser4/form/TextFieldBlocks.php on line 102
[07-Sep-2017 17:12:46 Europe/Moscow] PHP Notice:  Undefined index: textblock in /home/ammas122/domains/sportmm.ru/public_html/library/libcruiser4/form/TextFieldBlocks.php on line 83
[07-Sep-2017 17:12:46 Europe/Moscow] PHP Notice:  Undefined index: addinresult in /home/ammas122/domains/sportmm.ru/public_html/library/libcruiser4/form/TextFieldBlocks.php on line 88
[07-Sep-2017 17:12:46 Europe/Moscow] PHP Notice:  Undefined index: begin in /home/ammas122/domains/sportmm.ru/public_html/library/libcruiser4/form/TextFieldBlocks.php on line 91
[07-Sep-2017 17:12:46 Europe/Moscow] PHP Notice:  Undefined index: end in /home/ammas122/domains/sportmm.ru/public_html/library/libcruiser4/form/TextFieldBlocks.php on line 102
[07-Sep-2017 17:12:46 Europe/Moscow] PHP Notice:  Undefined index: textblock in /home/ammas122/domains/sportmm.ru/public_html/library/libcruiser4/form/TextFieldBlocks.php on line 83
[07-Sep-2017 17:12:46 Europe/Moscow] PHP Notice:  Undefined index: addinresult in /home/ammas122/domains/sportmm.ru/public_html/library/libcruiser4/form/TextFieldBlocks.php on line 88
[07-Sep-2017 17:12:46 Europe/Moscow] PHP Notice:  Undefined index: begin in /home/ammas122/domains/sportmm.ru/public_html/library/libcruiser4/form/TextFieldBlocks.php on line 91
[07-Sep-2017 17:12:46 Europe/Moscow] PHP Notice:  Undefined index: end in /home/ammas122/domains/sportmm.ru/public_html/library/libcruiser4/form/TextFieldBlocks.php on line 102
[07-Sep-2017 17:12:46 Europe/Moscow] PHP Notice:  Undefined index: color in /home/ammas122/domains/sportmm.ru/public_html/library/libcruiser4/table/TableViewer.php on line 369
[07-Sep-2017 17:12:46 Europe/Moscow] PHP Notice:  Undefined index: color in /home/ammas122/domains/sportmm.ru/public_html/library/libcruiser4/table/TableViewer.php on line 369
[07-Sep-2017 17:12:46 Europe/Moscow] PHP Notice:  Undefined index: color in /home/ammas122/domains/sportmm.ru/public_html/library/libcruiser4/table/TableViewer.php on line 369
[07-Sep-2017 17:12:46 Europe/Moscow] PHP Notice:  Undefined index: color in /home/ammas122/domains/sportmm.ru/public_html/library/libcruiser4/table/TableViewer.php on line 369
[07-Sep-2017 17:12:46 Europe/Moscow] PHP Notice:  Undefined index: color in /home/ammas122/domains/sportmm.ru/public_html/library/libcruiser4/table/TableViewer.php on line 369
[12-Sep-2017 21:58:24 Europe/Moscow] PHP Notice:  Undefined index: t_mod_clients_grid in /home/ammas122/domains/sportmm.ru/public_html/library/libcruiser4/DataHelper.class.php on line 47
[12-Sep-2017 21:58:24 Europe/Moscow] PHP Notice:  Undefined index: t_mod_clients_grid in /home/ammas122/domains/sportmm.ru/public_html/library/libcruiser4/DataHelper.class.php on line 48
[12-Sep-2017 21:58:24 Europe/Moscow] PHP Notice:  Undefined index:  in /home/ammas122/domains/sportmm.ru/public_html/library/libcruiser4/DataHelper.class.php on line 50
[12-Sep-2017 21:58:24 Europe/Moscow] PHP Notice:  Undefined index: t_mod_clients_grid in /home/ammas122/domains/sportmm.ru/public_html/library/libcruiser4/DataHelper.class.php on line 81
[12-Sep-2017 21:58:24 Europe/Moscow] PHP Notice:  Undefined index: filter in /home/ammas122/domains/sportmm.ru/public_html/library/libcruiser4/DataHelper.class.php on line 82
[12-Sep-2017 21:58:24 Europe/Moscow] PHP Notice:  Undefined index: t_mod_clients_grid in /home/ammas122/domains/sportmm.ru/public_html/library/libcruiser4/DataHelper.class.php on line 83
[12-Sep-2017 21:58:24 Europe/Moscow] PHP Notice:  Undefined index: countsList in /home/ammas122/domains/sportmm.ru/public_html/library/libcruiser4/DataPaging.class.php on line 74
[12-Sep-2017 21:58:24 Europe/Moscow] PHP Notice:  Undefined index: countDispPages in /home/ammas122/domains/sportmm.ru/public_html/library/libcruiser4/DataPaging.class.php on line 78
[12-Sep-2017 21:58:24 Europe/Moscow] PHP Notice:  Undefined index: pgngcfg in /home/ammas122/domains/sportmm.ru/public_html/library/libcruiser4/DataPaging.class.php on line 97
[12-Sep-2017 21:58:24 Europe/Moscow] PHP Notice:  Undefined index: d585cddb7b in /home/ammas122/domains/sportmm.ru/public_html/library/libcruiser4/DataPaging.class.php on line 106
[12-Sep-2017 21:58:24 Europe/Moscow] PHP Notice:  Undefined index: str_error in /home/ammas122/domains/sportmm.ru/public_html/virab/fbx/modules/mod_clients/dsp_Main.php on line 120
[12-Sep-2017 21:58:24 Europe/Moscow] PHP Notice:  Undefined index: filter_main in /home/ammas122/domains/sportmm.ru/public_html/virab/fbx/modules/mod_clients/dsp_Main.php on line 131
[12-Sep-2017 21:58:24 Europe/Moscow] PHP Notice:  Undefined index: ph_person in /home/ammas122/domains/sportmm.ru/public_html/virab/fbx/modules/mod_clients/dsp_Main.php on line 141
[12-Sep-2017 21:58:24 Europe/Moscow] PHP Notice:  Undefined index: has_file_field in /home/ammas122/domains/sportmm.ru/public_html/library/libcruiser4/form/FormContainers.php on line 81
[12-Sep-2017 21:58:24 Europe/Moscow] PHP Notice:  Undefined index: fieldset_cls in /home/ammas122/domains/sportmm.ru/public_html/library/libcruiser4/form/FormContainers.php on line 87
[12-Sep-2017 21:58:24 Europe/Moscow] PHP Notice:  Undefined index: ph_person in /home/ammas122/domains/sportmm.ru/public_html/library/libcruiser4/DspHelper.class.php on line 214
[12-Sep-2017 21:58:24 Europe/Moscow] PHP Notice:  Undefined index: ph_person in /home/ammas122/domains/sportmm.ru/public_html/library/libcruiser4/DspHelper.class.php on line 215
[12-Sep-2017 21:58:24 Europe/Moscow] PHP Notice:  Undefined index: phone in /home/ammas122/domains/sportmm.ru/public_html/library/libcruiser4/DspHelper.class.php on line 214
[12-Sep-2017 21:58:24 Europe/Moscow] PHP Notice:  Undefined index: phone in /home/ammas122/domains/sportmm.ru/public_html/library/libcruiser4/DspHelper.class.php on line 215
[12-Sep-2017 21:58:24 Europe/Moscow] PHP Notice:  Undefined index: textblock in /home/ammas122/domains/sportmm.ru/public_html/library/libcruiser4/form/TextFieldBlocks.php on line 83
[12-Sep-2017 21:58:24 Europe/Moscow] PHP Notice:  Undefined index: addinresult in /home/ammas122/domains/sportmm.ru/public_html/library/libcruiser4/form/TextFieldBlocks.php on line 88
[12-Sep-2017 21:58:24 Europe/Moscow] PHP Notice:  Undefined index: begin in /home/ammas122/domains/sportmm.ru/public_html/library/libcruiser4/form/TextFieldBlocks.php on line 91
[12-Sep-2017 21:58:24 Europe/Moscow] PHP Notice:  Undefined index: end in /home/ammas122/domains/sportmm.ru/public_html/library/libcruiser4/form/TextFieldBlocks.php on line 102
[12-Sep-2017 21:58:24 Europe/Moscow] PHP Notice:  Undefined index: email in /home/ammas122/domains/sportmm.ru/public_html/library/libcruiser4/DspHelper.class.php on line 214
[12-Sep-2017 21:58:24 Europe/Moscow] PHP Notice:  Undefined index: email in /home/ammas122/domains/sportmm.ru/public_html/library/libcruiser4/DspHelper.class.php on line 215
[12-Sep-2017 21:58:24 Europe/Moscow] PHP Notice:  Undefined index: textblock in /home/ammas122/domains/sportmm.ru/public_html/library/libcruiser4/form/TextFieldBlocks.php on line 83
[12-Sep-2017 21:58:24 Europe/Moscow] PHP Notice:  Undefined index: addinresult in /home/ammas122/domains/sportmm.ru/public_html/library/libcruiser4/form/TextFieldBlocks.php on line 88
[12-Sep-2017 21:58:24 Europe/Moscow] PHP Notice:  Undefined index: begin in /home/ammas122/domains/sportmm.ru/public_html/library/libcruiser4/form/TextFieldBlocks.php on line 91
[12-Sep-2017 21:58:24 Europe/Moscow] PHP Notice:  Undefined index: end in /home/ammas122/domains/sportmm.ru/public_html/library/libcruiser4/form/TextFieldBlocks.php on line 102
[12-Sep-2017 21:58:24 Europe/Moscow] PHP Notice:  Undefined index: f_name in /home/ammas122/domains/sportmm.ru/public_html/library/libcruiser4/DspHelper.class.php on line 214
[12-Sep-2017 21:58:24 Europe/Moscow] PHP Notice:  Undefined index: f_name in /home/ammas122/domains/sportmm.ru/public_html/library/libcruiser4/DspHelper.class.php on line 215
[12-Sep-2017 21:58:24 Europe/Moscow] PHP Notice:  Undefined index: textblock in /home/ammas122/domains/sportmm.ru/public_html/library/libcruiser4/form/TextFieldBlocks.php on line 83
[12-Sep-2017 21:58:24 Europe/Moscow] PHP Notice:  Undefined index: addinresult in /home/ammas122/domains/sportmm.ru/public_html/library/libcruiser4/form/TextFieldBlocks.php on line 88
[12-Sep-2017 21:58:24 Europe/Moscow] PHP Notice:  Undefined index: begin in /home/ammas122/domains/sportmm.ru/public_html/library/libcruiser4/form/TextFieldBlocks.php on line 91
[12-Sep-2017 21:58:24 Europe/Moscow] PHP Notice:  Undefined index: end in /home/ammas122/domains/sportmm.ru/public_html/library/libcruiser4/form/TextFieldBlocks.php on line 102
[12-Sep-2017 21:58:24 Europe/Moscow] PHP Notice:  Undefined index: i_name in /home/ammas122/domains/sportmm.ru/public_html/library/libcruiser4/DspHelper.class.php on line 214
[12-Sep-2017 21:58:24 Europe/Moscow] PHP Notice:  Undefined index: i_name in /home/ammas122/domains/sportmm.ru/public_html/library/libcruiser4/DspHelper.class.php on line 215
[12-Sep-2017 21:58:24 Europe/Moscow] PHP Notice:  Undefined index: textblock in /home/ammas122/domains/sportmm.ru/public_html/library/libcruiser4/form/TextFieldBlocks.php on line 83
[12-Sep-2017 21:58:24 Europe/Moscow] PHP Notice:  Undefined index: addinresult in /home/ammas122/domains/sportmm.ru/public_html/library/libcruiser4/form/TextFieldBlocks.php on line 88
[12-Sep-2017 21:58:24 Europe/Moscow] PHP Notice:  Undefined index: begin in /home/ammas122/domains/sportmm.ru/public_html/library/libcruiser4/form/TextFieldBlocks.php on line 91
[12-Sep-2017 21:58:24 Europe/Moscow] PHP Notice:  Undefined index: end in /home/ammas122/domains/sportmm.ru/public_html/library/libcruiser4/form/TextFieldBlocks.php on line 102
[12-Sep-2017 21:58:24 Europe/Moscow] PHP Notice:  Undefined index: o_name in /home/ammas122/domains/sportmm.ru/public_html/library/libcruiser4/DspHelper.class.php on line 214
[12-Sep-2017 21:58:24 Europe/Moscow] PHP Notice:  Undefined index: o_name in /home/ammas122/domains/sportmm.ru/public_html/library/libcruiser4/DspHelper.class.php on line 215
[12-Sep-2017 21:58:24 Europe/Moscow] PHP Notice:  Undefined index: textblock in /home/ammas122/domains/sportmm.ru/public_html/library/libcruiser4/form/TextFieldBlocks.php on line 83
[12-Sep-2017 21:58:24 Europe/Moscow] PHP Notice:  Undefined index: addinresult in /home/ammas122/domains/sportmm.ru/public_html/library/libcruiser4/form/TextFieldBlocks.php on line 88
[12-Sep-2017 21:58:24 Europe/Moscow] PHP Notice:  Undefined index: begin in /home/ammas122/domains/sportmm.ru/public_html/library/libcruiser4/form/TextFieldBlocks.php on line 91
[12-Sep-2017 21:58:24 Europe/Moscow] PHP Notice:  Undefined index: end in /home/ammas122/domains/sportmm.ru/public_html/library/libcruiser4/form/TextFieldBlocks.php on line 102
[12-Sep-2017 21:58:24 Europe/Moscow] PHP Notice:  Undefined index: color in /home/ammas122/domains/sportmm.ru/public_html/library/libcruiser4/table/TableViewer.php on line 369
[12-Sep-2017 21:58:24 Europe/Moscow] PHP Notice:  Undefined index: color in /home/ammas122/domains/sportmm.ru/public_html/library/libcruiser4/table/TableViewer.php on line 369
[12-Sep-2017 21:58:24 Europe/Moscow] PHP Notice:  Undefined index: color in /home/ammas122/domains/sportmm.ru/public_html/library/libcruiser4/table/TableViewer.php on line 369
[12-Sep-2017 21:58:24 Europe/Moscow] PHP Notice:  Undefined index: color in /home/ammas122/domains/sportmm.ru/public_html/library/libcruiser4/table/TableViewer.php on line 369
[12-Sep-2017 21:58:24 Europe/Moscow] PHP Notice:  Undefined index: color in /home/ammas122/domains/sportmm.ru/public_html/library/libcruiser4/table/TableViewer.php on line 369
[12-Sep-2017 22:03:51 Europe/Moscow] PHP Notice:  Undefined index: sort_field in /home/ammas122/domains/sportmm.ru/public_html/library/libcruiser4/DataHelper.class.php on line 47
[12-Sep-2017 22:03:51 Europe/Moscow] PHP Notice:  Undefined index: sort_dir in /home/ammas122/domains/sportmm.ru/public_html/library/libcruiser4/DataHelper.class.php on line 48
[12-Sep-2017 22:03:51 Europe/Moscow] PHP Notice:  Undefined index:  in /home/ammas122/domains/sportmm.ru/public_html/library/libcruiser4/DataHelper.class.php on line 50
[12-Sep-2017 22:03:51 Europe/Moscow] PHP Notice:  Undefined index: filter in /home/ammas122/domains/sportmm.ru/public_html/library/libcruiser4/DataHelper.class.php on line 82
[12-Sep-2017 22:03:51 Europe/Moscow] PHP Notice:  Undefined index: countsList in /home/ammas122/domains/sportmm.ru/public_html/library/libcruiser4/DataPaging.class.php on line 74
[12-Sep-2017 22:03:51 Europe/Moscow] PHP Notice:  Undefined index: countDispPages in /home/ammas122/domains/sportmm.ru/public_html/library/libcruiser4/DataPaging.class.php on line 78
[12-Sep-2017 22:03:51 Europe/Moscow] PHP Notice:  Undefined index: pgngcfg in /home/ammas122/domains/sportmm.ru/public_html/library/libcruiser4/DataPaging.class.php on line 97
[12-Sep-2017 22:03:51 Europe/Moscow] PHP Notice:  Undefined index: d585cddb7b in /home/ammas122/domains/sportmm.ru/public_html/library/libcruiser4/DataPaging.class.php on line 106
[12-Sep-2017 22:03:51 Europe/Moscow] PHP Notice:  Undefined index: str_error in /home/ammas122/domains/sportmm.ru/public_html/virab/fbx/modules/mod_clients/dsp_Main.php on line 120
[12-Sep-2017 22:03:51 Europe/Moscow] PHP Notice:  Undefined index: filter_main in /home/ammas122/domains/sportmm.ru/public_html/virab/fbx/modules/mod_clients/dsp_Main.php on line 131
[12-Sep-2017 22:03:51 Europe/Moscow] PHP Notice:  Undefined index: has_file_field in /home/ammas122/domains/sportmm.ru/public_html/library/libcruiser4/form/FormContainers.php on line 81
[12-Sep-2017 22:03:51 Europe/Moscow] PHP Notice:  Undefined index: fieldset_cls in /home/ammas122/domains/sportmm.ru/public_html/library/libcruiser4/form/FormContainers.php on line 87
[12-Sep-2017 22:03:51 Europe/Moscow] PHP Notice:  Undefined index: textblock in /home/ammas122/domains/sportmm.ru/public_html/library/libcruiser4/form/TextFieldBlocks.php on line 83
[12-Sep-2017 22:03:51 Europe/Moscow] PHP Notice:  Undefined index: addinresult in /home/ammas122/domains/sportmm.ru/public_html/library/libcruiser4/form/TextFieldBlocks.php on line 88
[12-Sep-2017 22:03:51 Europe/Moscow] PHP Notice:  Undefined index: begin in /home/ammas122/domains/sportmm.ru/public_html/library/libcruiser4/form/TextFieldBlocks.php on line 91
[12-Sep-2017 22:03:51 Europe/Moscow] PHP Notice:  Undefined index: end in /home/ammas122/domains/sportmm.ru/public_html/library/libcruiser4/form/TextFieldBlocks.php on line 102
[12-Sep-2017 22:03:51 Europe/Moscow] PHP Notice:  Undefined index: textblock in /home/ammas122/domains/sportmm.ru/public_html/library/libcruiser4/form/TextFieldBlocks.php on line 83
[12-Sep-2017 22:03:51 Europe/Moscow] PHP Notice:  Undefined index: addinresult in /home/ammas122/domains/sportmm.ru/public_html/library/libcruiser4/form/TextFieldBlocks.php on line 88
[12-Sep-2017 22:03:51 Europe/Moscow] PHP Notice:  Undefined index: begin in /home/ammas122/domains/sportmm.ru/public_html/library/libcruiser4/form/TextFieldBlocks.php on line 91
[12-Sep-2017 22:03:51 Europe/Moscow] PHP Notice:  Undefined index: end in /home/ammas122/domains/sportmm.ru/public_html/library/libcruiser4/form/TextFieldBlocks.php on line 102
[12-Sep-2017 22:03:51 Europe/Moscow] PHP Notice:  Undefined index: textblock in /home/ammas122/domains/sportmm.ru/public_html/library/libcruiser4/form/TextFieldBlocks.php on line 83
[12-Sep-2017 22:03:51 Europe/Moscow] PHP Notice:  Undefined index: addinresult in /home/ammas122/domains/sportmm.ru/public_html/library/libcruiser4/form/TextFieldBlocks.php on line 88
[12-Sep-2017 22:03:51 Europe/Moscow] PHP Notice:  Undefined index: begin in /home/ammas122/domains/sportmm.ru/public_html/library/libcruiser4/form/TextFieldBlocks.php on line 91
[12-Sep-2017 22:03:51 Europe/Moscow] PHP Notice:  Undefined index: end in /home/ammas122/domains/sportmm.ru/public_html/library/libcruiser4/form/TextFieldBlocks.php on line 102
[12-Sep-2017 22:03:51 Europe/Moscow] PHP Notice:  Undefined index: textblock in /home/ammas122/domains/sportmm.ru/public_html/library/libcruiser4/form/TextFieldBlocks.php on line 83
[12-Sep-2017 22:03:51 Europe/Moscow] PHP Notice:  Undefined index: addinresult in /home/ammas122/domains/sportmm.ru/public_html/library/libcruiser4/form/TextFieldBlocks.php on line 88
[12-Sep-2017 22:03:51 Europe/Moscow] PHP Notice:  Undefined index: begin in /home/ammas122/domains/sportmm.ru/public_html/library/libcruiser4/form/TextFieldBlocks.php on line 91
[12-Sep-2017 22:03:51 Europe/Moscow] PHP Notice:  Undefined index: end in /home/ammas122/domains/sportmm.ru/public_html/library/libcruiser4/form/TextFieldBlocks.php on line 102
[12-Sep-2017 22:03:51 Europe/Moscow] PHP Notice:  Undefined index: textblock in /home/ammas122/domains/sportmm.ru/public_html/library/libcruiser4/form/TextFieldBlocks.php on line 83
[12-Sep-2017 22:03:51 Europe/Moscow] PHP Notice:  Undefined index: addinresult in /home/ammas122/domains/sportmm.ru/public_html/library/libcruiser4/form/TextFieldBlocks.php on line 88
[12-Sep-2017 22:03:51 Europe/Moscow] PHP Notice:  Undefined index: begin in /home/ammas122/domains/sportmm.ru/public_html/library/libcruiser4/form/TextFieldBlocks.php on line 91
[12-Sep-2017 22:03:51 Europe/Moscow] PHP Notice:  Undefined index: end in /home/ammas122/domains/sportmm.ru/public_html/library/libcruiser4/form/TextFieldBlocks.php on line 102
[12-Sep-2017 22:03:51 Europe/Moscow] PHP Notice:  Undefined index: color in /home/ammas122/domains/sportmm.ru/public_html/library/libcruiser4/table/TableViewer.php on line 369
[12-Sep-2017 22:03:51 Europe/Moscow] PHP Notice:  Undefined index: color in /home/ammas122/domains/sportmm.ru/public_html/library/libcruiser4/table/TableViewer.php on line 369
[12-Sep-2017 22:03:51 Europe/Moscow] PHP Notice:  Undefined index: color in /home/ammas122/domains/sportmm.ru/public_html/library/libcruiser4/table/TableViewer.php on line 369
[12-Sep-2017 22:03:51 Europe/Moscow] PHP Notice:  Undefined index: color in /home/ammas122/domains/sportmm.ru/public_html/library/libcruiser4/table/TableViewer.php on line 369
[12-Sep-2017 22:03:51 Europe/Moscow] PHP Notice:  Undefined index: color in /home/ammas122/domains/sportmm.ru/public_html/library/libcruiser4/table/TableViewer.php on line 369
[19-Sep-2017 20:38:55 Europe/Moscow] PHP Notice:  Undefined index: t_mod_clients_grid in /home/ammas122/domains/sportmm.ru/public_html/library/libcruiser4/DataHelper.class.php on line 47
[19-Sep-2017 20:38:55 Europe/Moscow] PHP Notice:  Undefined index: t_mod_clients_grid in /home/ammas122/domains/sportmm.ru/public_html/library/libcruiser4/DataHelper.class.php on line 48
[19-Sep-2017 20:38:55 Europe/Moscow] PHP Notice:  Undefined index:  in /home/ammas122/domains/sportmm.ru/public_html/library/libcruiser4/DataHelper.class.php on line 50
[19-Sep-2017 20:38:55 Europe/Moscow] PHP Notice:  Undefined index: t_mod_clients_grid in /home/ammas122/domains/sportmm.ru/public_html/library/libcruiser4/DataHelper.class.php on line 81
[19-Sep-2017 20:38:55 Europe/Moscow] PHP Notice:  Undefined index: filter in /home/ammas122/domains/sportmm.ru/public_html/library/libcruiser4/DataHelper.class.php on line 82
[19-Sep-2017 20:38:55 Europe/Moscow] PHP Notice:  Undefined index: t_mod_clients_grid in /home/ammas122/domains/sportmm.ru/public_html/library/libcruiser4/DataHelper.class.php on line 83
[19-Sep-2017 20:38:55 Europe/Moscow] PHP Notice:  Undefined index: countsList in /home/ammas122/domains/sportmm.ru/public_html/library/libcruiser4/DataPaging.class.php on line 74
[19-Sep-2017 20:38:55 Europe/Moscow] PHP Notice:  Undefined index: countDispPages in /home/ammas122/domains/sportmm.ru/public_html/library/libcruiser4/DataPaging.class.php on line 78
[19-Sep-2017 20:38:55 Europe/Moscow] PHP Notice:  Undefined index: pgngcfg in /home/ammas122/domains/sportmm.ru/public_html/library/libcruiser4/DataPaging.class.php on line 97
[19-Sep-2017 20:38:55 Europe/Moscow] PHP Notice:  Undefined index: d585cddb7b in /home/ammas122/domains/sportmm.ru/public_html/library/libcruiser4/DataPaging.class.php on line 106
[19-Sep-2017 20:38:55 Europe/Moscow] PHP Notice:  Undefined index: str_error in /home/ammas122/domains/sportmm.ru/public_html/virab/fbx/modules/mod_clients/dsp_Main.php on line 120
[19-Sep-2017 20:38:55 Europe/Moscow] PHP Notice:  Undefined index: filter_main in /home/ammas122/domains/sportmm.ru/public_html/virab/fbx/modules/mod_clients/dsp_Main.php on line 131
[19-Sep-2017 20:38:55 Europe/Moscow] PHP Notice:  Undefined index: ph_person in /home/ammas122/domains/sportmm.ru/public_html/virab/fbx/modules/mod_clients/dsp_Main.php on line 141
[19-Sep-2017 20:38:55 Europe/Moscow] PHP Notice:  Undefined index: has_file_field in /home/ammas122/domains/sportmm.ru/public_html/library/libcruiser4/form/FormContainers.php on line 81
[19-Sep-2017 20:38:55 Europe/Moscow] PHP Notice:  Undefined index: fieldset_cls in /home/ammas122/domains/sportmm.ru/public_html/library/libcruiser4/form/FormContainers.php on line 87
[19-Sep-2017 20:38:55 Europe/Moscow] PHP Notice:  Undefined index: ph_person in /home/ammas122/domains/sportmm.ru/public_html/library/libcruiser4/DspHelper.class.php on line 214
[19-Sep-2017 20:38:55 Europe/Moscow] PHP Notice:  Undefined index: ph_person in /home/ammas122/domains/sportmm.ru/public_html/library/libcruiser4/DspHelper.class.php on line 215
[19-Sep-2017 20:38:55 Europe/Moscow] PHP Notice:  Undefined index: phone in /home/ammas122/domains/sportmm.ru/public_html/library/libcruiser4/DspHelper.class.php on line 214
[19-Sep-2017 20:38:55 Europe/Moscow] PHP Notice:  Undefined index: phone in /home/ammas122/domains/sportmm.ru/public_html/library/libcruiser4/DspHelper.class.php on line 215
[19-Sep-2017 20:38:55 Europe/Moscow] PHP Notice:  Undefined index: textblock in /home/ammas122/domains/sportmm.ru/public_html/library/libcruiser4/form/TextFieldBlocks.php on line 83
[19-Sep-2017 20:38:55 Europe/Moscow] PHP Notice:  Undefined index: addinresult in /home/ammas122/domains/sportmm.ru/public_html/library/libcruiser4/form/TextFieldBlocks.php on line 88
[19-Sep-2017 20:38:55 Europe/Moscow] PHP Notice:  Undefined index: begin in /home/ammas122/domains/sportmm.ru/public_html/library/libcruiser4/form/TextFieldBlocks.php on line 91
[19-Sep-2017 20:38:55 Europe/Moscow] PHP Notice:  Undefined index: end in /home/ammas122/domains/sportmm.ru/public_html/library/libcruiser4/form/TextFieldBlocks.php on line 102
[19-Sep-2017 20:38:55 Europe/Moscow] PHP Notice:  Undefined index: email in /home/ammas122/domains/sportmm.ru/public_html/library/libcruiser4/DspHelper.class.php on line 214
[19-Sep-2017 20:38:55 Europe/Moscow] PHP Notice:  Undefined index: email in /home/ammas122/domains/sportmm.ru/public_html/library/libcruiser4/DspHelper.class.php on line 215
[19-Sep-2017 20:38:55 Europe/Moscow] PHP Notice:  Undefined index: textblock in /home/ammas122/domains/sportmm.ru/public_html/library/libcruiser4/form/TextFieldBlocks.php on line 83
[19-Sep-2017 20:38:55 Europe/Moscow] PHP Notice:  Undefined index: addinresult in /home/ammas122/domains/sportmm.ru/public_html/library/libcruiser4/form/TextFieldBlocks.php on line 88
[19-Sep-2017 20:38:55 Europe/Moscow] PHP Notice:  Undefined index: begin in /home/ammas122/domains/sportmm.ru/public_html/library/libcruiser4/form/TextFieldBlocks.php on line 91
[19-Sep-2017 20:38:55 Europe/Moscow] PHP Notice:  Undefined index: end in /home/ammas122/domains/sportmm.ru/public_html/library/libcruiser4/form/TextFieldBlocks.php on line 102
[19-Sep-2017 20:38:55 Europe/Moscow] PHP Notice:  Undefined index: f_name in /home/ammas122/domains/sportmm.ru/public_html/library/libcruiser4/DspHelper.class.php on line 214
[19-Sep-2017 20:38:55 Europe/Moscow] PHP Notice:  Undefined index: f_name in /home/ammas122/domains/sportmm.ru/public_html/library/libcruiser4/DspHelper.class.php on line 215
[19-Sep-2017 20:38:55 Europe/Moscow] PHP Notice:  Undefined index: textblock in /home/ammas122/domains/sportmm.ru/public_html/library/libcruiser4/form/TextFieldBlocks.php on line 83
[19-Sep-2017 20:38:55 Europe/Moscow] PHP Notice:  Undefined index: addinresult in /home/ammas122/domains/sportmm.ru/public_html/library/libcruiser4/form/TextFieldBlocks.php on line 88
[19-Sep-2017 20:38:55 Europe/Moscow] PHP Notice:  Undefined index: begin in /home/ammas122/domains/sportmm.ru/public_html/library/libcruiser4/form/TextFieldBlocks.php on line 91
[19-Sep-2017 20:38:55 Europe/Moscow] PHP Notice:  Undefined index: end in /home/ammas122/domains/sportmm.ru/public_html/library/libcruiser4/form/TextFieldBlocks.php on line 102
[19-Sep-2017 20:38:55 Europe/Moscow] PHP Notice:  Undefined index: i_name in /home/ammas122/domains/sportmm.ru/public_html/library/libcruiser4/DspHelper.class.php on line 214
[19-Sep-2017 20:38:55 Europe/Moscow] PHP Notice:  Undefined index: i_name in /home/ammas122/domains/sportmm.ru/public_html/library/libcruiser4/DspHelper.class.php on line 215
[19-Sep-2017 20:38:55 Europe/Moscow] PHP Notice:  Undefined index: textblock in /home/ammas122/domains/sportmm.ru/public_html/library/libcruiser4/form/TextFieldBlocks.php on line 83
[19-Sep-2017 20:38:55 Europe/Moscow] PHP Notice:  Undefined index: addinresult in /home/ammas122/domains/sportmm.ru/public_html/library/libcruiser4/form/TextFieldBlocks.php on line 88
[19-Sep-2017 20:38:55 Europe/Moscow] PHP Notice:  Undefined index: begin in /home/ammas122/domains/sportmm.ru/public_html/library/libcruiser4/form/TextFieldBlocks.php on line 91
[19-Sep-2017 20:38:55 Europe/Moscow] PHP Notice:  Undefined index: end in /home/ammas122/domains/sportmm.ru/public_html/library/libcruiser4/form/TextFieldBlocks.php on line 102
[19-Sep-2017 20:38:55 Europe/Moscow] PHP Notice:  Undefined index: o_name in /home/ammas122/domains/sportmm.ru/public_html/library/libcruiser4/DspHelper.class.php on line 214
[19-Sep-2017 20:38:55 Europe/Moscow] PHP Notice:  Undefined index: o_name in /home/ammas122/domains/sportmm.ru/public_html/library/libcruiser4/DspHelper.class.php on line 215
[19-Sep-2017 20:38:55 Europe/Moscow] PHP Notice:  Undefined index: textblock in /home/ammas122/domains/sportmm.ru/public_html/library/libcruiser4/form/TextFieldBlocks.php on line 83
[19-Sep-2017 20:38:55 Europe/Moscow] PHP Notice:  Undefined index: addinresult in /home/ammas122/domains/sportmm.ru/public_html/library/libcruiser4/form/TextFieldBlocks.php on line 88
[19-Sep-2017 20:38:55 Europe/Moscow] PHP Notice:  Undefined index: begin in /home/ammas122/domains/sportmm.ru/public_html/library/libcruiser4/form/TextFieldBlocks.php on line 91
[19-Sep-2017 20:38:55 Europe/Moscow] PHP Notice:  Undefined index: end in /home/ammas122/domains/sportmm.ru/public_html/library/libcruiser4/form/TextFieldBlocks.php on line 102
[19-Sep-2017 20:38:55 Europe/Moscow] PHP Notice:  Undefined index: color in /home/ammas122/domains/sportmm.ru/public_html/library/libcruiser4/table/TableViewer.php on line 369
[19-Sep-2017 20:38:55 Europe/Moscow] PHP Notice:  Undefined index: color in /home/ammas122/domains/sportmm.ru/public_html/library/libcruiser4/table/TableViewer.php on line 369
[19-Sep-2017 20:38:55 Europe/Moscow] PHP Notice:  Undefined index: color in /home/ammas122/domains/sportmm.ru/public_html/library/libcruiser4/table/TableViewer.php on line 369
[19-Sep-2017 20:38:55 Europe/Moscow] PHP Notice:  Undefined index: color in /home/ammas122/domains/sportmm.ru/public_html/library/libcruiser4/table/TableViewer.php on line 369
[19-Sep-2017 20:38:55 Europe/Moscow] PHP Notice:  Undefined index: color in /home/ammas122/domains/sportmm.ru/public_html/library/libcruiser4/table/TableViewer.php on line 369
