[23-Aug-2017 21:26:20 UTC] PHP Notice:  Undefined index: type_visual_site_nodes in /home/taat138/domains/uin.in.ua/public_html/test/virab/fbx/struct_site/struct/fbx_Switch.php on line 42
[23-Aug-2017 21:26:20 UTC] PHP Notice:  Undefined index: str_error in /home/taat138/domains/uin.in.ua/public_html/test/virab/fbx/struct_site/struct/dsp_Tree_Main.php on line 182
[23-Aug-2017 21:26:38 UTC] PHP Notice:  Undefined variable: FORM_ERROR in /home/taat138/domains/uin.in.ua/public_html/test/virab/fbx/struct_site/struct/dsp_Form.php on line 10
[23-Aug-2017 21:26:38 UTC] PHP Notice:  Undefined variable: parent_info in /home/taat138/domains/uin.in.ua/public_html/test/virab/fbx/struct_site/struct/dsp_Form.php on line 19
[23-Aug-2017 21:26:38 UTC] PHP Notice:  Undefined variable: parent_id in /home/taat138/domains/uin.in.ua/public_html/test/virab/fbx/struct_site/struct/dsp_Form.php on line 43
[23-Aug-2017 21:26:38 UTC] PHP Notice:  Undefined index: size in /home/taat138/domains/uin.in.ua/public_html/test/library/libcruiser4/InsulatorOldCode.php on line 25
[23-Aug-2017 21:26:38 UTC] PHP Notice:  Undefined index: size in /home/taat138/domains/uin.in.ua/public_html/test/library/libcruiser4/InsulatorOldCode.php on line 25
[23-Aug-2017 21:26:38 UTC] PHP Notice:  Undefined index: size in /home/taat138/domains/uin.in.ua/public_html/test/library/libcruiser4/InsulatorOldCode.php on line 25
[23-Aug-2017 21:26:38 UTC] PHP Notice:  Undefined index: size in /home/taat138/domains/uin.in.ua/public_html/test/library/libcruiser4/InsulatorOldCode.php on line 25
[23-Aug-2017 21:26:38 UTC] PHP Notice:  Undefined variable: lngSet in /home/taat138/domains/uin.in.ua/public_html/test/virab/fbx/struct_site/struct/dsp_Form.php on line 122
[23-Aug-2017 21:26:38 UTC] PHP Notice:  Undefined variable: lngSet in /home/taat138/domains/uin.in.ua/public_html/test/virab/fbx/struct_site/struct/dsp_Form.php on line 122
[23-Aug-2017 21:26:57 UTC] PHP Notice:  Undefined index: parent_id in /home/taat138/domains/uin.in.ua/public_html/test/virab/fbx/struct_site/struct/act_Store.php on line 4
[23-Aug-2017 21:26:58 UTC] PHP Notice:  Undefined variable: lng1 in /home/taat138/domains/uin.in.ua/public_html/test/virab/fbx/struct_site/struct/act_Store.php(86) : eval()'d code on line 1
[23-Aug-2017 21:26:58 UTC] PHP Notice:  Undefined variable: lng3 in /home/taat138/domains/uin.in.ua/public_html/test/virab/fbx/struct_site/struct/act_Store.php(86) : eval()'d code on line 1
[23-Aug-2017 21:26:58 UTC] PHP Notice:  Undefined index: type_visual_site_nodes in /home/taat138/domains/uin.in.ua/public_html/test/virab/fbx/struct_site/struct/fbx_Switch.php on line 42
[23-Aug-2017 21:26:58 UTC] PHP Notice:  Undefined index: str_error in /home/taat138/domains/uin.in.ua/public_html/test/virab/fbx/struct_site/struct/dsp_Tree_Main.php on line 182
[24-Aug-2017 12:47:47 UTC] PHP Notice:  Undefined index: type_visual_site_nodes in /home/taat138/domains/uin.in.ua/public_html/test/virab/fbx/struct_site/struct/fbx_Switch.php on line 42
[24-Aug-2017 12:47:47 UTC] PHP Notice:  Undefined index: str_error in /home/taat138/domains/uin.in.ua/public_html/test/virab/fbx/struct_site/struct/dsp_Tree_Main.php on line 182
[24-Aug-2017 12:48:41 UTC] PHP Notice:  Undefined variable: FORM_ERROR in /home/taat138/domains/uin.in.ua/public_html/test/virab/fbx/struct_site/struct/dsp_Form.php on line 10
[24-Aug-2017 12:48:41 UTC] PHP Notice:  Undefined variable: parent_info in /home/taat138/domains/uin.in.ua/public_html/test/virab/fbx/struct_site/struct/dsp_Form.php on line 19
[24-Aug-2017 12:48:41 UTC] PHP Notice:  Undefined variable: parent_id in /home/taat138/domains/uin.in.ua/public_html/test/virab/fbx/struct_site/struct/dsp_Form.php on line 43
[24-Aug-2017 12:48:41 UTC] PHP Notice:  Undefined index: size in /home/taat138/domains/uin.in.ua/public_html/test/library/libcruiser4/InsulatorOldCode.php on line 25
[24-Aug-2017 12:48:41 UTC] PHP Notice:  Undefined index: size in /home/taat138/domains/uin.in.ua/public_html/test/library/libcruiser4/InsulatorOldCode.php on line 25
[24-Aug-2017 12:48:41 UTC] PHP Notice:  Undefined index: size in /home/taat138/domains/uin.in.ua/public_html/test/library/libcruiser4/InsulatorOldCode.php on line 25
[24-Aug-2017 12:48:41 UTC] PHP Notice:  Undefined index: size in /home/taat138/domains/uin.in.ua/public_html/test/library/libcruiser4/InsulatorOldCode.php on line 25
[24-Aug-2017 12:48:41 UTC] PHP Notice:  Undefined variable: lngSet in /home/taat138/domains/uin.in.ua/public_html/test/virab/fbx/struct_site/struct/dsp_Form.php on line 122
[24-Aug-2017 12:48:41 UTC] PHP Notice:  Undefined variable: lngSet in /home/taat138/domains/uin.in.ua/public_html/test/virab/fbx/struct_site/struct/dsp_Form.php on line 122
[24-Aug-2017 12:48:56 UTC] PHP Notice:  Undefined index: parent_id in /home/taat138/domains/uin.in.ua/public_html/test/virab/fbx/struct_site/struct/act_Store.php on line 4
[24-Aug-2017 12:48:56 UTC] PHP Notice:  Undefined variable: lng1 in /home/taat138/domains/uin.in.ua/public_html/test/virab/fbx/struct_site/struct/act_Store.php(86) : eval()'d code on line 1
[24-Aug-2017 12:48:56 UTC] PHP Notice:  Undefined variable: lng3 in /home/taat138/domains/uin.in.ua/public_html/test/virab/fbx/struct_site/struct/act_Store.php(86) : eval()'d code on line 1
[24-Aug-2017 12:48:56 UTC] PHP Notice:  Undefined index: type_visual_site_nodes in /home/taat138/domains/uin.in.ua/public_html/test/virab/fbx/struct_site/struct/fbx_Switch.php on line 42
[24-Aug-2017 12:48:56 UTC] PHP Notice:  Undefined index: str_error in /home/taat138/domains/uin.in.ua/public_html/test/virab/fbx/struct_site/struct/dsp_Tree_Main.php on line 182
[30-Aug-2017 08:56:56 UTC] PHP Notice:  Undefined index: type_visual_site_nodes in /home/taat138/domains/uin.in.ua/public_html/test/virab/fbx/struct_site/struct/fbx_Switch.php on line 42
[30-Aug-2017 08:56:56 UTC] PHP Notice:  Undefined index: str_error in /home/taat138/domains/uin.in.ua/public_html/test/virab/fbx/struct_site/struct/dsp_Tree_Main.php on line 182
[30-Aug-2017 08:57:03 UTC] PHP Notice:  Undefined variable: FORM_ERROR in /home/taat138/domains/uin.in.ua/public_html/test/virab/fbx/struct_site/struct/dsp_Form.php on line 10
[30-Aug-2017 08:57:03 UTC] PHP Notice:  Undefined variable: parent_info in /home/taat138/domains/uin.in.ua/public_html/test/virab/fbx/struct_site/struct/dsp_Form.php on line 19
[30-Aug-2017 08:57:03 UTC] PHP Notice:  Undefined variable: parent_id in /home/taat138/domains/uin.in.ua/public_html/test/virab/fbx/struct_site/struct/dsp_Form.php on line 43
[30-Aug-2017 08:57:03 UTC] PHP Notice:  Undefined index: size in /home/taat138/domains/uin.in.ua/public_html/test/library/libcruiser4/InsulatorOldCode.php on line 25
[30-Aug-2017 08:57:03 UTC] PHP Notice:  Undefined index: size in /home/taat138/domains/uin.in.ua/public_html/test/library/libcruiser4/InsulatorOldCode.php on line 25
[30-Aug-2017 08:57:03 UTC] PHP Notice:  Undefined index: size in /home/taat138/domains/uin.in.ua/public_html/test/library/libcruiser4/InsulatorOldCode.php on line 25
[30-Aug-2017 08:57:03 UTC] PHP Notice:  Undefined index: size in /home/taat138/domains/uin.in.ua/public_html/test/library/libcruiser4/InsulatorOldCode.php on line 25
[30-Aug-2017 08:57:03 UTC] PHP Notice:  Undefined variable: lngSet in /home/taat138/domains/uin.in.ua/public_html/test/virab/fbx/struct_site/struct/dsp_Form.php on line 122
[30-Aug-2017 08:57:03 UTC] PHP Notice:  Undefined variable: lngSet in /home/taat138/domains/uin.in.ua/public_html/test/virab/fbx/struct_site/struct/dsp_Form.php on line 122
[30-Aug-2017 08:57:14 UTC] PHP Notice:  Undefined index: type_visual_site_nodes in /home/taat138/domains/uin.in.ua/public_html/test/virab/fbx/struct_site/struct/fbx_Switch.php on line 42
[30-Aug-2017 08:57:14 UTC] PHP Notice:  Undefined index: str_error in /home/taat138/domains/uin.in.ua/public_html/test/virab/fbx/struct_site/struct/dsp_Tree_Main.php on line 182
[30-Aug-2017 08:57:16 UTC] PHP Notice:  Undefined variable: FORM_ERROR in /home/taat138/domains/uin.in.ua/public_html/test/virab/fbx/struct_site/struct/dsp_Form.php on line 10
[30-Aug-2017 08:57:16 UTC] PHP Notice:  Undefined variable: parent_info in /home/taat138/domains/uin.in.ua/public_html/test/virab/fbx/struct_site/struct/dsp_Form.php on line 19
[30-Aug-2017 08:57:16 UTC] PHP Notice:  Undefined variable: parent_id in /home/taat138/domains/uin.in.ua/public_html/test/virab/fbx/struct_site/struct/dsp_Form.php on line 43
[30-Aug-2017 08:57:16 UTC] PHP Notice:  Undefined index: size in /home/taat138/domains/uin.in.ua/public_html/test/library/libcruiser4/InsulatorOldCode.php on line 25
[30-Aug-2017 08:57:16 UTC] PHP Notice:  Undefined index: size in /home/taat138/domains/uin.in.ua/public_html/test/library/libcruiser4/InsulatorOldCode.php on line 25
[30-Aug-2017 08:57:16 UTC] PHP Notice:  Undefined index: size in /home/taat138/domains/uin.in.ua/public_html/test/library/libcruiser4/InsulatorOldCode.php on line 25
[30-Aug-2017 08:57:16 UTC] PHP Notice:  Undefined index: size in /home/taat138/domains/uin.in.ua/public_html/test/library/libcruiser4/InsulatorOldCode.php on line 25
[30-Aug-2017 08:57:16 UTC] PHP Notice:  Undefined variable: lngSet in /home/taat138/domains/uin.in.ua/public_html/test/virab/fbx/struct_site/struct/dsp_Form.php on line 122
[30-Aug-2017 08:57:16 UTC] PHP Notice:  Undefined variable: lngSet in /home/taat138/domains/uin.in.ua/public_html/test/virab/fbx/struct_site/struct/dsp_Form.php on line 122
[30-Aug-2017 08:57:57 UTC] PHP Notice:  Undefined index: parent_id in /home/taat138/domains/uin.in.ua/public_html/test/virab/fbx/struct_site/struct/act_Store.php on line 4
[30-Aug-2017 08:57:57 UTC] PHP Notice:  Undefined variable: lng1 in /home/taat138/domains/uin.in.ua/public_html/test/virab/fbx/struct_site/struct/act_Store.php(86) : eval()'d code on line 1
[30-Aug-2017 08:57:57 UTC] PHP Notice:  Undefined variable: lng3 in /home/taat138/domains/uin.in.ua/public_html/test/virab/fbx/struct_site/struct/act_Store.php(86) : eval()'d code on line 1
[30-Aug-2017 08:57:57 UTC] PHP Notice:  Undefined index: type_visual_site_nodes in /home/taat138/domains/uin.in.ua/public_html/test/virab/fbx/struct_site/struct/fbx_Switch.php on line 42
[30-Aug-2017 08:57:57 UTC] PHP Notice:  Undefined index: str_error in /home/taat138/domains/uin.in.ua/public_html/test/virab/fbx/struct_site/struct/dsp_Tree_Main.php on line 182
[30-Aug-2017 09:01:25 UTC] PHP Notice:  Undefined variable: FORM_ERROR in /home/taat138/domains/uin.in.ua/public_html/test/virab/fbx/struct_site/struct/dsp_Form.php on line 10
[30-Aug-2017 09:01:25 UTC] PHP Notice:  Undefined variable: parent_info in /home/taat138/domains/uin.in.ua/public_html/test/virab/fbx/struct_site/struct/dsp_Form.php on line 19
[30-Aug-2017 09:01:25 UTC] PHP Notice:  Undefined variable: parent_id in /home/taat138/domains/uin.in.ua/public_html/test/virab/fbx/struct_site/struct/dsp_Form.php on line 43
[30-Aug-2017 09:01:25 UTC] PHP Notice:  Undefined index: size in /home/taat138/domains/uin.in.ua/public_html/test/library/libcruiser4/InsulatorOldCode.php on line 25
[30-Aug-2017 09:01:25 UTC] PHP Notice:  Undefined index: size in /home/taat138/domains/uin.in.ua/public_html/test/library/libcruiser4/InsulatorOldCode.php on line 25
[30-Aug-2017 09:01:25 UTC] PHP Notice:  Undefined index: size in /home/taat138/domains/uin.in.ua/public_html/test/library/libcruiser4/InsulatorOldCode.php on line 25
[30-Aug-2017 09:01:25 UTC] PHP Notice:  Undefined index: size in /home/taat138/domains/uin.in.ua/public_html/test/library/libcruiser4/InsulatorOldCode.php on line 25
[30-Aug-2017 09:01:25 UTC] PHP Notice:  Undefined variable: lngSet in /home/taat138/domains/uin.in.ua/public_html/test/virab/fbx/struct_site/struct/dsp_Form.php on line 122
[30-Aug-2017 09:01:25 UTC] PHP Notice:  Undefined variable: lngSet in /home/taat138/domains/uin.in.ua/public_html/test/virab/fbx/struct_site/struct/dsp_Form.php on line 122
[30-Aug-2017 09:02:36 UTC] PHP Notice:  Undefined index: type_visual_site_nodes in /home/taat138/domains/uin.in.ua/public_html/test/virab/fbx/struct_site/struct/fbx_Switch.php on line 42
[30-Aug-2017 09:02:36 UTC] PHP Notice:  Undefined index: str_error in /home/taat138/domains/uin.in.ua/public_html/test/virab/fbx/struct_site/struct/dsp_Tree_Main.php on line 182
[31-Aug-2017 14:15:05 Europe/Moscow] PHP Notice:  Undefined index: type_visual_site_nodes in /home/ammas122/domains/sportmm.ru/public_html/virab/fbx/struct_site/struct/fbx_Switch.php on line 42
[31-Aug-2017 14:15:05 Europe/Moscow] PHP Notice:  Undefined index: str_error in /home/ammas122/domains/sportmm.ru/public_html/virab/fbx/struct_site/struct/dsp_Tree_Main.php on line 182
[04-Sep-2017 18:13:51 Europe/Moscow] PHP Notice:  Undefined index: type_visual_site_nodes in /home/ammas122/domains/sportmm.ru/public_html/virab/fbx/struct_site/struct/fbx_Switch.php on line 42
[04-Sep-2017 18:13:51 Europe/Moscow] PHP Notice:  Undefined index: str_error in /home/ammas122/domains/sportmm.ru/public_html/virab/fbx/struct_site/struct/dsp_Tree_Main.php on line 182
[12-Sep-2017 11:54:51 Europe/Moscow] PHP Notice:  Undefined index: type_visual_site_nodes in /home/ammas122/domains/sportmm.ru/public_html/virab/fbx/struct_site/struct/fbx_Switch.php on line 42
[12-Sep-2017 11:54:51 Europe/Moscow] PHP Notice:  Undefined index: str_error in /home/ammas122/domains/sportmm.ru/public_html/virab/fbx/struct_site/struct/dsp_Tree_Main.php on line 182
[12-Sep-2017 19:33:52 Europe/Moscow] PHP Notice:  Undefined index: type_visual_site_nodes in /home/ammas122/domains/sportmm.ru/public_html/virab/fbx/struct_site/struct/fbx_Switch.php on line 42
[12-Sep-2017 19:33:52 Europe/Moscow] PHP Notice:  Undefined index: str_error in /home/ammas122/domains/sportmm.ru/public_html/virab/fbx/struct_site/struct/dsp_Tree_Main.php on line 182
[12-Sep-2017 21:39:51 Europe/Moscow] PHP Notice:  Undefined index: type_visual_site_nodes in /home/ammas122/domains/sportmm.ru/public_html/virab/fbx/struct_site/struct/fbx_Switch.php on line 42
[12-Sep-2017 21:39:51 Europe/Moscow] PHP Notice:  Undefined index: str_error in /home/ammas122/domains/sportmm.ru/public_html/virab/fbx/struct_site/struct/dsp_Tree_Main.php on line 182
[12-Sep-2017 21:52:57 Europe/Moscow] PHP Notice:  Undefined index: type_visual_site_nodes in /home/ammas122/domains/sportmm.ru/public_html/virab/fbx/struct_site/struct/fbx_Switch.php on line 42
[12-Sep-2017 21:52:57 Europe/Moscow] PHP Notice:  Undefined index: str_error in /home/ammas122/domains/sportmm.ru/public_html/virab/fbx/struct_site/struct/dsp_Tree_Main.php on line 182
[14-Sep-2017 11:03:54 Europe/Moscow] PHP Notice:  Undefined index: type_visual_site_nodes in /home/ammas122/domains/sportmm.ru/public_html/virab/fbx/struct_site/struct/fbx_Switch.php on line 42
[14-Sep-2017 11:03:54 Europe/Moscow] PHP Notice:  Undefined index: str_error in /home/ammas122/domains/sportmm.ru/public_html/virab/fbx/struct_site/struct/dsp_Tree_Main.php on line 182
