[23-Aug-2017 21:26:12 UTC] PHP Notice:  Undefined index: str_error in /home/taat138/domains/uin.in.ua/public_html/test/virab/fbx/dictionaries/dict_language/dsp_Main.php on line 120
[23-Aug-2017 21:26:18 UTC] PHP Notice:  Undefined index: str_error in /home/taat138/domains/uin.in.ua/public_html/test/virab/fbx/dictionaries/dict_language/dsp_Main.php on line 120
[30-Aug-2017 08:37:05 UTC] PHP Notice:  Undefined index: str_error in /home/taat138/domains/uin.in.ua/public_html/test/virab/fbx/dictionaries/dict_language/dsp_Main.php on line 120
[30-Aug-2017 14:23:21 UTC] PHP Notice:  Undefined index: str_error in /home/taat138/domains/uin.in.ua/public_html/test/virab/fbx/dictionaries/dict_language/dsp_Main.php on line 120
[12-Sep-2017 22:05:25 Europe/Moscow] PHP Notice:  Undefined index: str_error in /home/ammas122/domains/sportmm.ru/public_html/virab/fbx/dictionaries/dict_language/dsp_Main.php on line 120
[12-Sep-2017 22:29:00 Europe/Moscow] PHP Notice:  Undefined index: str_error in /home/ammas122/domains/sportmm.ru/public_html/virab/fbx/dictionaries/dict_language/dsp_Main.php on line 120
[12-Sep-2017 22:29:03 Europe/Moscow] PHP Notice:  Undefined index: error in /home/ammas122/domains/sportmm.ru/public_html/virab/fbx/dictionaries/dict_language/dsp_Form.php on line 5
[12-Sep-2017 22:29:03 Europe/Moscow] PHP Notice:  Undefined index: cls in /home/ammas122/domains/sportmm.ru/public_html/library/libcruiser4/form/FormContainers.php on line 78
[12-Sep-2017 22:29:03 Europe/Moscow] PHP Notice:  Undefined index: fieldset_cls in /home/ammas122/domains/sportmm.ru/public_html/library/libcruiser4/form/FormContainers.php on line 87
[12-Sep-2017 22:29:03 Europe/Moscow] PHP Notice:  Undefined index: legend_info in /home/ammas122/domains/sportmm.ru/public_html/library/libcruiser4/form/FormContainers.php on line 101
[12-Sep-2017 22:29:03 Europe/Moscow] PHP Notice:  Undefined index: textblock in /home/ammas122/domains/sportmm.ru/public_html/library/libcruiser4/form/TextFieldBlocks.php on line 83
[12-Sep-2017 22:29:03 Europe/Moscow] PHP Notice:  Undefined index: addinresult in /home/ammas122/domains/sportmm.ru/public_html/library/libcruiser4/form/TextFieldBlocks.php on line 88
[12-Sep-2017 22:29:03 Europe/Moscow] PHP Notice:  Undefined index: begin in /home/ammas122/domains/sportmm.ru/public_html/library/libcruiser4/form/TextFieldBlocks.php on line 91
[12-Sep-2017 22:29:03 Europe/Moscow] PHP Notice:  Undefined index: end in /home/ammas122/domains/sportmm.ru/public_html/library/libcruiser4/form/TextFieldBlocks.php on line 102
[12-Sep-2017 22:29:03 Europe/Moscow] PHP Notice:  Undefined index: textblock in /home/ammas122/domains/sportmm.ru/public_html/library/libcruiser4/form/TextFieldBlocks.php on line 83
[12-Sep-2017 22:29:03 Europe/Moscow] PHP Notice:  Undefined index: addinresult in /home/ammas122/domains/sportmm.ru/public_html/library/libcruiser4/form/TextFieldBlocks.php on line 88
[12-Sep-2017 22:29:03 Europe/Moscow] PHP Notice:  Undefined index: begin in /home/ammas122/domains/sportmm.ru/public_html/library/libcruiser4/form/TextFieldBlocks.php on line 91
[12-Sep-2017 22:29:03 Europe/Moscow] PHP Notice:  Undefined index: end in /home/ammas122/domains/sportmm.ru/public_html/library/libcruiser4/form/TextFieldBlocks.php on line 102
[12-Sep-2017 22:29:03 Europe/Moscow] PHP Notice:  Undefined index: begin in /home/ammas122/domains/sportmm.ru/public_html/library/libcruiser4/form/TextFieldBlocks.php on line 91
[12-Sep-2017 22:29:03 Europe/Moscow] PHP Notice:  Undefined index: end in /home/ammas122/domains/sportmm.ru/public_html/library/libcruiser4/form/TextFieldBlocks.php on line 102
[12-Sep-2017 22:29:09 Europe/Moscow] PHP Notice:  Undefined index: str_error in /home/ammas122/domains/sportmm.ru/public_html/virab/fbx/dictionaries/dict_language/dsp_Main.php on line 120
[12-Sep-2017 22:33:35 Europe/Moscow] PHP Notice:  Undefined index: str_error in /home/ammas122/domains/sportmm.ru/public_html/virab/fbx/dictionaries/dict_language/dsp_Main.php on line 120
[12-Sep-2017 22:33:39 Europe/Moscow] PHP Notice:  Undefined index: error in /home/ammas122/domains/sportmm.ru/public_html/virab/fbx/dictionaries/dict_language/dsp_Form.php on line 5
[12-Sep-2017 22:33:39 Europe/Moscow] PHP Notice:  Undefined index: cls in /home/ammas122/domains/sportmm.ru/public_html/library/libcruiser4/form/FormContainers.php on line 78
[12-Sep-2017 22:33:39 Europe/Moscow] PHP Notice:  Undefined index: fieldset_cls in /home/ammas122/domains/sportmm.ru/public_html/library/libcruiser4/form/FormContainers.php on line 87
[12-Sep-2017 22:33:39 Europe/Moscow] PHP Notice:  Undefined index: legend_info in /home/ammas122/domains/sportmm.ru/public_html/library/libcruiser4/form/FormContainers.php on line 101
[12-Sep-2017 22:33:39 Europe/Moscow] PHP Notice:  Undefined index: textblock in /home/ammas122/domains/sportmm.ru/public_html/library/libcruiser4/form/TextFieldBlocks.php on line 83
[12-Sep-2017 22:33:39 Europe/Moscow] PHP Notice:  Undefined index: addinresult in /home/ammas122/domains/sportmm.ru/public_html/library/libcruiser4/form/TextFieldBlocks.php on line 88
[12-Sep-2017 22:33:39 Europe/Moscow] PHP Notice:  Undefined index: begin in /home/ammas122/domains/sportmm.ru/public_html/library/libcruiser4/form/TextFieldBlocks.php on line 91
[12-Sep-2017 22:33:39 Europe/Moscow] PHP Notice:  Undefined index: end in /home/ammas122/domains/sportmm.ru/public_html/library/libcruiser4/form/TextFieldBlocks.php on line 102
[12-Sep-2017 22:33:39 Europe/Moscow] PHP Notice:  Undefined index: textblock in /home/ammas122/domains/sportmm.ru/public_html/library/libcruiser4/form/TextFieldBlocks.php on line 83
[12-Sep-2017 22:33:39 Europe/Moscow] PHP Notice:  Undefined index: addinresult in /home/ammas122/domains/sportmm.ru/public_html/library/libcruiser4/form/TextFieldBlocks.php on line 88
[12-Sep-2017 22:33:39 Europe/Moscow] PHP Notice:  Undefined index: begin in /home/ammas122/domains/sportmm.ru/public_html/library/libcruiser4/form/TextFieldBlocks.php on line 91
[12-Sep-2017 22:33:39 Europe/Moscow] PHP Notice:  Undefined index: end in /home/ammas122/domains/sportmm.ru/public_html/library/libcruiser4/form/TextFieldBlocks.php on line 102
[12-Sep-2017 22:33:39 Europe/Moscow] PHP Notice:  Undefined index: begin in /home/ammas122/domains/sportmm.ru/public_html/library/libcruiser4/form/TextFieldBlocks.php on line 91
[12-Sep-2017 22:33:39 Europe/Moscow] PHP Notice:  Undefined index: end in /home/ammas122/domains/sportmm.ru/public_html/library/libcruiser4/form/TextFieldBlocks.php on line 102
[12-Sep-2017 22:33:43 Europe/Moscow] PHP Notice:  Undefined index: str_error in /home/ammas122/domains/sportmm.ru/public_html/virab/fbx/dictionaries/dict_language/dsp_Main.php on line 120
[12-Sep-2017 22:33:49 Europe/Moscow] PHP Notice:  Undefined index: str_error in /home/ammas122/domains/sportmm.ru/public_html/virab/fbx/dictionaries/dict_language/dsp_Main.php on line 120
