[30-Aug-2017 08:37:45 UTC] PHP Notice:  Undefined index: count_pg in /home/taat138/domains/uin.in.ua/public_html/test/virab/fbx/modules/mod_tags/qry_Main.php on line 8
[30-Aug-2017 08:37:45 UTC] PHP Notice:  Undefined index: pg in /home/taat138/domains/uin.in.ua/public_html/test/virab/fbx/modules/mod_tags/qry_Main.php on line 9
[30-Aug-2017 08:37:45 UTC] PHP Notice:  Undefined index: str_error in /home/taat138/domains/uin.in.ua/public_html/test/virab/fbx/modules/mod_tags/dsp_Main.php on line 70
[30-Aug-2017 08:37:45 UTC] PHP Notice:  Undefined index: hide_pager in /home/taat138/domains/uin.in.ua/public_html/test/library/libcruiser4/table/TableViewer.php on line 512
[30-Aug-2017 08:37:45 UTC] PHP Notice:  Undefined index: pager in /home/taat138/domains/uin.in.ua/public_html/test/library/libcruiser4/table/TableViewer.php on line 514
[30-Aug-2017 08:37:45 UTC] PHP Notice:  Undefined index: hide_pager in /home/taat138/domains/uin.in.ua/public_html/test/library/libcruiser4/table/TableViewer.php on line 512
[30-Aug-2017 08:37:45 UTC] PHP Notice:  Undefined index: pager in /home/taat138/domains/uin.in.ua/public_html/test/library/libcruiser4/table/TableViewer.php on line 514
[07-Sep-2017 17:18:53 Europe/Moscow] PHP Notice:  Undefined index: count_pg in /home/ammas122/domains/sportmm.ru/public_html/virab/fbx/modules/mod_tags/qry_Main.php on line 8
[07-Sep-2017 17:18:53 Europe/Moscow] PHP Notice:  Undefined index: pg in /home/ammas122/domains/sportmm.ru/public_html/virab/fbx/modules/mod_tags/qry_Main.php on line 9
[07-Sep-2017 17:18:53 Europe/Moscow] PHP Notice:  Undefined index: str_error in /home/ammas122/domains/sportmm.ru/public_html/virab/fbx/modules/mod_tags/dsp_Main.php on line 70
[07-Sep-2017 17:18:53 Europe/Moscow] PHP Notice:  Undefined index: hide_pager in /home/ammas122/domains/sportmm.ru/public_html/library/libcruiser4/table/TableViewer.php on line 512
[07-Sep-2017 17:18:53 Europe/Moscow] PHP Notice:  Undefined index: pager in /home/ammas122/domains/sportmm.ru/public_html/library/libcruiser4/table/TableViewer.php on line 514
[07-Sep-2017 17:18:53 Europe/Moscow] PHP Notice:  Undefined index: hide_pager in /home/ammas122/domains/sportmm.ru/public_html/library/libcruiser4/table/TableViewer.php on line 512
[07-Sep-2017 17:18:53 Europe/Moscow] PHP Notice:  Undefined index: pager in /home/ammas122/domains/sportmm.ru/public_html/library/libcruiser4/table/TableViewer.php on line 514
[07-Sep-2017 17:19:07 Europe/Moscow] PHP Notice:  Undefined index: str_error in /home/ammas122/domains/sportmm.ru/public_html/virab/fbx/modules/mod_tags/dsp_Main.php on line 70
[07-Sep-2017 17:19:07 Europe/Moscow] PHP Notice:  Undefined index: hide_pager in /home/ammas122/domains/sportmm.ru/public_html/library/libcruiser4/table/TableViewer.php on line 512
[07-Sep-2017 17:19:07 Europe/Moscow] PHP Notice:  Undefined index: pager in /home/ammas122/domains/sportmm.ru/public_html/library/libcruiser4/table/TableViewer.php on line 514
[07-Sep-2017 17:19:07 Europe/Moscow] PHP Notice:  Undefined index: hide_pager in /home/ammas122/domains/sportmm.ru/public_html/library/libcruiser4/table/TableViewer.php on line 512
[07-Sep-2017 17:19:07 Europe/Moscow] PHP Notice:  Undefined index: pager in /home/ammas122/domains/sportmm.ru/public_html/library/libcruiser4/table/TableViewer.php on line 514
[12-Sep-2017 22:03:52 Europe/Moscow] PHP Notice:  Undefined index: count_pg in /home/ammas122/domains/sportmm.ru/public_html/virab/fbx/modules/mod_tags/qry_Main.php on line 8
[12-Sep-2017 22:03:52 Europe/Moscow] PHP Notice:  Undefined index: pg in /home/ammas122/domains/sportmm.ru/public_html/virab/fbx/modules/mod_tags/qry_Main.php on line 9
[12-Sep-2017 22:03:52 Europe/Moscow] PHP Notice:  Undefined index: str_error in /home/ammas122/domains/sportmm.ru/public_html/virab/fbx/modules/mod_tags/dsp_Main.php on line 70
[12-Sep-2017 22:03:52 Europe/Moscow] PHP Notice:  Undefined index: hide_pager in /home/ammas122/domains/sportmm.ru/public_html/library/libcruiser4/table/TableViewer.php on line 512
[12-Sep-2017 22:03:52 Europe/Moscow] PHP Notice:  Undefined index: pager in /home/ammas122/domains/sportmm.ru/public_html/library/libcruiser4/table/TableViewer.php on line 514
[12-Sep-2017 22:03:52 Europe/Moscow] PHP Notice:  Undefined index: hide_pager in /home/ammas122/domains/sportmm.ru/public_html/library/libcruiser4/table/TableViewer.php on line 512
[12-Sep-2017 22:03:52 Europe/Moscow] PHP Notice:  Undefined index: pager in /home/ammas122/domains/sportmm.ru/public_html/library/libcruiser4/table/TableViewer.php on line 514
