[24-Aug-2017 12:47:34 UTC] PHP Notice:  Undefined index: str_error in /home/taat138/domains/uin.in.ua/public_html/test/virab/fbx/admin/navigation/dsp_Main.php on line 127
[30-Aug-2017 08:34:41 UTC] PHP Notice:  Undefined index: str_error in /home/taat138/domains/uin.in.ua/public_html/test/virab/fbx/admin/navigation/dsp_Main.php on line 127
[30-Aug-2017 11:01:34 UTC] PHP Notice:  Undefined index: str_error in /home/taat138/domains/uin.in.ua/public_html/test/virab/fbx/admin/navigation/dsp_Main.php on line 127
[30-Aug-2017 14:23:26 UTC] PHP Notice:  Undefined index: str_error in /home/taat138/domains/uin.in.ua/public_html/test/virab/fbx/admin/navigation/dsp_Main.php on line 127
[30-Aug-2017 14:23:27 UTC] PHP Notice:  Undefined index: str_error in /home/taat138/domains/uin.in.ua/public_html/test/virab/fbx/admin/navigation/dsp_Main.php on line 127
[31-Aug-2017 14:15:04 Europe/Moscow] PHP Notice:  Undefined index: str_error in /home/ammas122/domains/sportmm.ru/public_html/virab/fbx/admin/navigation/dsp_Main.php on line 127
[31-Aug-2017 14:15:46 Europe/Moscow] PHP Notice:  Undefined index: str_error in /home/ammas122/domains/sportmm.ru/public_html/virab/fbx/admin/navigation/dsp_Main.php on line 127
[31-Aug-2017 14:15:55 Europe/Moscow] PHP Notice:  Undefined variable: FORM_ERROR in /home/ammas122/domains/sportmm.ru/public_html/virab/fbx/admin/navigation/dsp_Form.php on line 9
[31-Aug-2017 14:15:55 Europe/Moscow] PHP Notice:  Undefined variable: parent_id in /home/ammas122/domains/sportmm.ru/public_html/virab/fbx/admin/navigation/dsp_Form.php on line 39
[31-Aug-2017 14:15:55 Europe/Moscow] PHP Notice:  Undefined index: size in /home/ammas122/domains/sportmm.ru/public_html/library/libcruiser4/InsulatorOldCode.php on line 25
[31-Aug-2017 14:15:55 Europe/Moscow] PHP Notice:  Undefined index: size in /home/ammas122/domains/sportmm.ru/public_html/library/libcruiser4/InsulatorOldCode.php on line 25
[31-Aug-2017 14:15:58 Europe/Moscow] PHP Notice:  Undefined index: str_error in /home/ammas122/domains/sportmm.ru/public_html/virab/fbx/admin/navigation/dsp_Main.php on line 127
[31-Aug-2017 14:16:03 Europe/Moscow] PHP Notice:  Undefined index: str_error in /home/ammas122/domains/sportmm.ru/public_html/virab/fbx/admin/navigation/dsp_Main.php on line 127
[31-Aug-2017 14:16:07 Europe/Moscow] PHP Notice:  Undefined index: str_error in /home/ammas122/domains/sportmm.ru/public_html/virab/fbx/admin/navigation/dsp_Main.php on line 127
[04-Sep-2017 17:16:59 Europe/Moscow] PHP Notice:  Undefined index: str_error in /home/ammas122/domains/sportmm.ru/public_html/virab/fbx/admin/navigation/dsp_Main.php on line 127
[04-Sep-2017 17:17:16 Europe/Moscow] PHP Notice:  Undefined index: str_error in /home/ammas122/domains/sportmm.ru/public_html/virab/fbx/admin/navigation/dsp_Main.php on line 127
[04-Sep-2017 17:33:42 Europe/Moscow] PHP Notice:  Undefined index: str_error in /home/ammas122/domains/sportmm.ru/public_html/virab/fbx/admin/navigation/dsp_Main.php on line 127
[04-Sep-2017 18:01:23 Europe/Moscow] PHP Notice:  Undefined index: str_error in /home/ammas122/domains/sportmm.ru/public_html/virab/fbx/admin/navigation/dsp_Main.php on line 127
[04-Sep-2017 18:01:30 Europe/Moscow] PHP Notice:  Undefined variable: FORM_ERROR in /home/ammas122/domains/sportmm.ru/public_html/virab/fbx/admin/navigation/dsp_Form.php on line 9
[04-Sep-2017 18:01:30 Europe/Moscow] PHP Notice:  Undefined variable: parent_id in /home/ammas122/domains/sportmm.ru/public_html/virab/fbx/admin/navigation/dsp_Form.php on line 39
[04-Sep-2017 18:01:30 Europe/Moscow] PHP Notice:  Undefined index: size in /home/ammas122/domains/sportmm.ru/public_html/library/libcruiser4/InsulatorOldCode.php on line 25
[04-Sep-2017 18:01:30 Europe/Moscow] PHP Notice:  Undefined index: size in /home/ammas122/domains/sportmm.ru/public_html/library/libcruiser4/InsulatorOldCode.php on line 25
[04-Sep-2017 18:01:33 Europe/Moscow] PHP Notice:  Undefined index: str_error in /home/ammas122/domains/sportmm.ru/public_html/virab/fbx/admin/navigation/dsp_Main.php on line 127
[04-Sep-2017 18:01:48 Europe/Moscow] PHP Notice:  Undefined variable: FORM_ERROR in /home/ammas122/domains/sportmm.ru/public_html/virab/fbx/admin/navigation/dsp_Form.php on line 9
[04-Sep-2017 18:01:48 Europe/Moscow] PHP Notice:  Undefined variable: parent_id in /home/ammas122/domains/sportmm.ru/public_html/virab/fbx/admin/navigation/dsp_Form.php on line 39
[04-Sep-2017 18:01:48 Europe/Moscow] PHP Notice:  Undefined index: size in /home/ammas122/domains/sportmm.ru/public_html/library/libcruiser4/InsulatorOldCode.php on line 25
[04-Sep-2017 18:01:48 Europe/Moscow] PHP Notice:  Undefined index: size in /home/ammas122/domains/sportmm.ru/public_html/library/libcruiser4/InsulatorOldCode.php on line 25
[04-Sep-2017 18:01:53 Europe/Moscow] PHP Notice:  Undefined index: str_error in /home/ammas122/domains/sportmm.ru/public_html/virab/fbx/admin/navigation/dsp_Main.php on line 127
[05-Sep-2017 15:13:47 Europe/Moscow] PHP Notice:  Undefined index: str_error in /home/ammas122/domains/sportmm.ru/public_html/virab/fbx/admin/navigation/dsp_Main.php on line 127
[12-Sep-2017 21:58:39 Europe/Moscow] PHP Notice:  Undefined index: str_error in /home/ammas122/domains/sportmm.ru/public_html/virab/fbx/admin/navigation/dsp_Main.php on line 127
[12-Sep-2017 21:58:44 Europe/Moscow] PHP Notice:  Undefined index: str_error in /home/ammas122/domains/sportmm.ru/public_html/virab/fbx/admin/navigation/dsp_Main.php on line 127
[12-Sep-2017 22:04:24 Europe/Moscow] PHP Notice:  Undefined index: str_error in /home/ammas122/domains/sportmm.ru/public_html/virab/fbx/admin/navigation/dsp_Main.php on line 127
[12-Sep-2017 22:04:44 Europe/Moscow] PHP Notice:  Undefined variable: FORM_ERROR in /home/ammas122/domains/sportmm.ru/public_html/virab/fbx/admin/navigation/dsp_Form.php on line 9
[12-Sep-2017 22:04:44 Europe/Moscow] PHP Notice:  Undefined variable: parent_id in /home/ammas122/domains/sportmm.ru/public_html/virab/fbx/admin/navigation/dsp_Form.php on line 39
[12-Sep-2017 22:04:44 Europe/Moscow] PHP Notice:  Undefined index: size in /home/ammas122/domains/sportmm.ru/public_html/library/libcruiser4/InsulatorOldCode.php on line 25
[12-Sep-2017 22:04:44 Europe/Moscow] PHP Notice:  Undefined index: size in /home/ammas122/domains/sportmm.ru/public_html/library/libcruiser4/InsulatorOldCode.php on line 25
[12-Sep-2017 22:04:46 Europe/Moscow] PHP Notice:  Undefined index: str_error in /home/ammas122/domains/sportmm.ru/public_html/virab/fbx/admin/navigation/dsp_Main.php on line 127
[12-Sep-2017 22:04:54 Europe/Moscow] PHP Notice:  Undefined variable: FORM_ERROR in /home/ammas122/domains/sportmm.ru/public_html/virab/fbx/admin/navigation/dsp_Form.php on line 9
[12-Sep-2017 22:04:54 Europe/Moscow] PHP Notice:  Undefined variable: parent_id in /home/ammas122/domains/sportmm.ru/public_html/virab/fbx/admin/navigation/dsp_Form.php on line 39
[12-Sep-2017 22:04:54 Europe/Moscow] PHP Notice:  Undefined index: size in /home/ammas122/domains/sportmm.ru/public_html/library/libcruiser4/InsulatorOldCode.php on line 25
[12-Sep-2017 22:04:54 Europe/Moscow] PHP Notice:  Undefined index: size in /home/ammas122/domains/sportmm.ru/public_html/library/libcruiser4/InsulatorOldCode.php on line 25
[12-Sep-2017 22:04:56 Europe/Moscow] PHP Notice:  Undefined index: str_error in /home/ammas122/domains/sportmm.ru/public_html/virab/fbx/admin/navigation/dsp_Main.php on line 127
[12-Sep-2017 22:05:12 Europe/Moscow] PHP Notice:  Undefined index: str_error in /home/ammas122/domains/sportmm.ru/public_html/virab/fbx/admin/navigation/dsp_Main.php on line 127
[12-Sep-2017 22:33:28 Europe/Moscow] PHP Notice:  Undefined index: str_error in /home/ammas122/domains/sportmm.ru/public_html/virab/fbx/admin/navigation/dsp_Main.php on line 127
[12-Sep-2017 22:33:30 Europe/Moscow] PHP Notice:  Undefined index: str_error in /home/ammas122/domains/sportmm.ru/public_html/virab/fbx/admin/navigation/dsp_Main.php on line 127
[12-Sep-2017 22:33:33 Europe/Moscow] PHP Notice:  Undefined index: str_error in /home/ammas122/domains/sportmm.ru/public_html/virab/fbx/admin/navigation/dsp_Main.php on line 127
[12-Sep-2017 22:35:11 Europe/Moscow] PHP Notice:  Undefined index: str_error in /home/ammas122/domains/sportmm.ru/public_html/virab/fbx/admin/navigation/dsp_Main.php on line 127
[12-Sep-2017 22:35:15 Europe/Moscow] PHP Notice:  Undefined index: str_error in /home/ammas122/domains/sportmm.ru/public_html/virab/fbx/admin/navigation/dsp_Main.php on line 127
[17-Sep-2017 23:27:54 Europe/Moscow] PHP Notice:  Undefined index: str_error in /home/ammas122/domains/sportmm.ru/public_html/virab/fbx/admin/navigation/dsp_Main.php on line 127
[17-Sep-2017 23:28:08 Europe/Moscow] PHP Notice:  Undefined index: str_error in /home/ammas122/domains/sportmm.ru/public_html/virab/fbx/admin/navigation/dsp_Main.php on line 127
[23-Sep-2017 18:05:26 Europe/Moscow] PHP Notice:  Undefined index: str_error in /home/ammas122/domains/sportmm.ru/public_html/virab/fbx/admin/navigation/dsp_Main.php on line 127
[23-Sep-2017 18:05:34 Europe/Moscow] PHP Notice:  Undefined variable: FORM_ERROR in /home/ammas122/domains/sportmm.ru/public_html/virab/fbx/admin/navigation/dsp_Form.php on line 9
[23-Sep-2017 18:05:34 Europe/Moscow] PHP Notice:  Undefined variable: parent_id in /home/ammas122/domains/sportmm.ru/public_html/virab/fbx/admin/navigation/dsp_Form.php on line 39
[23-Sep-2017 18:05:34 Europe/Moscow] PHP Notice:  Undefined index: size in /home/ammas122/domains/sportmm.ru/public_html/library/libcruiser4/InsulatorOldCode.php on line 25
[23-Sep-2017 18:05:34 Europe/Moscow] PHP Notice:  Undefined index: size in /home/ammas122/domains/sportmm.ru/public_html/library/libcruiser4/InsulatorOldCode.php on line 25
[23-Sep-2017 18:05:39 Europe/Moscow] PHP Notice:  Undefined index: str_error in /home/ammas122/domains/sportmm.ru/public_html/virab/fbx/admin/navigation/dsp_Main.php on line 127
[23-Sep-2017 18:05:43 Europe/Moscow] PHP Notice:  Undefined index: parent_id in /home/ammas122/domains/sportmm.ru/public_html/library/libcruiser4/STree.class.php on line 219
[23-Sep-2017 18:05:43 Europe/Moscow] PHP Warning:  MySQL said: You have an error in your SQL syntax; check the manual that corresponds to your MySQL server version for the right syntax to use near 'ORDER BY d.ord' at line 5; <br/>Query: SELECT
                           d.id AS `id`
                        FROM
                           navigation AS d
                        WHERE d.id =  ORDER BY d.ord in /home/ammas122/domains/sportmm.ru/public_html/library/libcruiser4/db/class.mydb.php on line 121
[23-Sep-2017 18:05:43 Europe/Moscow] PHP Notice:  Trying to get property of non-object in /home/ammas122/domains/sportmm.ru/public_html/library/libcruiser4/STree.class.php on line 264
[23-Sep-2017 18:05:43 Europe/Moscow] PHP Notice:  Only variable references should be returned by reference in /home/ammas122/domains/sportmm.ru/public_html/library/libcruiser4/STree.class.php on line 295
[23-Sep-2017 18:05:43 Europe/Moscow] PHP Notice:  Undefined variable: FORM_ERROR in /home/ammas122/domains/sportmm.ru/public_html/virab/fbx/admin/navigation/dsp_ChParent.php on line 3
[23-Sep-2017 18:06:48 Europe/Moscow] PHP Notice:  Undefined index: str_error in /home/ammas122/domains/sportmm.ru/public_html/virab/fbx/admin/navigation/dsp_Main.php on line 127
[23-Sep-2017 18:06:54 Europe/Moscow] PHP Notice:  Undefined variable: FORM_ERROR in /home/ammas122/domains/sportmm.ru/public_html/virab/fbx/admin/navigation/dsp_Form.php on line 9
[23-Sep-2017 18:06:54 Europe/Moscow] PHP Notice:  Undefined variable: parent_id in /home/ammas122/domains/sportmm.ru/public_html/virab/fbx/admin/navigation/dsp_Form.php on line 39
[23-Sep-2017 18:06:54 Europe/Moscow] PHP Notice:  Undefined index: size in /home/ammas122/domains/sportmm.ru/public_html/library/libcruiser4/InsulatorOldCode.php on line 25
[23-Sep-2017 18:06:54 Europe/Moscow] PHP Notice:  Undefined index: size in /home/ammas122/domains/sportmm.ru/public_html/library/libcruiser4/InsulatorOldCode.php on line 25
[23-Sep-2017 18:07:52 Europe/Moscow] PHP Notice:  Undefined index: str_error in /home/ammas122/domains/sportmm.ru/public_html/virab/fbx/admin/navigation/dsp_Main.php on line 127
[23-Sep-2017 18:07:57 Europe/Moscow] PHP Notice:  Undefined variable: FORM_ERROR in /home/ammas122/domains/sportmm.ru/public_html/virab/fbx/admin/navigation/dsp_Form.php on line 9
[23-Sep-2017 18:07:57 Europe/Moscow] PHP Notice:  Undefined variable: parent_id in /home/ammas122/domains/sportmm.ru/public_html/virab/fbx/admin/navigation/dsp_Form.php on line 39
[23-Sep-2017 18:07:57 Europe/Moscow] PHP Notice:  Undefined index: size in /home/ammas122/domains/sportmm.ru/public_html/library/libcruiser4/InsulatorOldCode.php on line 25
[23-Sep-2017 18:07:57 Europe/Moscow] PHP Notice:  Undefined index: size in /home/ammas122/domains/sportmm.ru/public_html/library/libcruiser4/InsulatorOldCode.php on line 25
[23-Sep-2017 18:07:59 Europe/Moscow] PHP Notice:  Undefined index: str_error in /home/ammas122/domains/sportmm.ru/public_html/virab/fbx/admin/navigation/dsp_Main.php on line 127
[23-Sep-2017 18:08:39 Europe/Moscow] PHP Notice:  Undefined index: str_error in /home/ammas122/domains/sportmm.ru/public_html/virab/fbx/admin/navigation/dsp_Main.php on line 127
[23-Sep-2017 18:09:43 Europe/Moscow] PHP Notice:  Undefined index: str_error in /home/ammas122/domains/sportmm.ru/public_html/virab/fbx/admin/navigation/dsp_Main.php on line 127
[23-Sep-2017 18:09:47 Europe/Moscow] PHP Notice:  Undefined variable: FORM_ERROR in /home/ammas122/domains/sportmm.ru/public_html/virab/fbx/admin/navigation/dsp_Form.php on line 9
[23-Sep-2017 18:09:47 Europe/Moscow] PHP Notice:  Undefined variable: parent_id in /home/ammas122/domains/sportmm.ru/public_html/virab/fbx/admin/navigation/dsp_Form.php on line 39
[23-Sep-2017 18:09:47 Europe/Moscow] PHP Notice:  Undefined index: size in /home/ammas122/domains/sportmm.ru/public_html/library/libcruiser4/InsulatorOldCode.php on line 25
[23-Sep-2017 18:09:47 Europe/Moscow] PHP Notice:  Undefined index: size in /home/ammas122/domains/sportmm.ru/public_html/library/libcruiser4/InsulatorOldCode.php on line 25
[23-Sep-2017 18:09:49 Europe/Moscow] PHP Notice:  Undefined index: str_error in /home/ammas122/domains/sportmm.ru/public_html/virab/fbx/admin/navigation/dsp_Main.php on line 127
[23-Sep-2017 18:09:54 Europe/Moscow] PHP Notice:  Undefined index: parent_id in /home/ammas122/domains/sportmm.ru/public_html/library/libcruiser4/STree.class.php on line 219
[23-Sep-2017 18:09:54 Europe/Moscow] PHP Warning:  MySQL said: You have an error in your SQL syntax; check the manual that corresponds to your MySQL server version for the right syntax to use near 'ORDER BY d.ord' at line 5; <br/>Query: SELECT
                           d.id AS `id`
                        FROM
                           navigation AS d
                        WHERE d.id =  ORDER BY d.ord in /home/ammas122/domains/sportmm.ru/public_html/library/libcruiser4/db/class.mydb.php on line 121
[23-Sep-2017 18:09:54 Europe/Moscow] PHP Notice:  Trying to get property of non-object in /home/ammas122/domains/sportmm.ru/public_html/library/libcruiser4/STree.class.php on line 264
[23-Sep-2017 18:09:54 Europe/Moscow] PHP Notice:  Only variable references should be returned by reference in /home/ammas122/domains/sportmm.ru/public_html/library/libcruiser4/STree.class.php on line 295
[23-Sep-2017 18:09:54 Europe/Moscow] PHP Notice:  Undefined variable: FORM_ERROR in /home/ammas122/domains/sportmm.ru/public_html/virab/fbx/admin/navigation/dsp_ChParent.php on line 3
[23-Sep-2017 18:09:57 Europe/Moscow] PHP Notice:  Undefined index: str_error in /home/ammas122/domains/sportmm.ru/public_html/virab/fbx/admin/navigation/dsp_Main.php on line 127
